#
# There is insufficient memory for the Java Runtime Environment to continue.
# Native memory allocation (malloc) failed to allocate 349776 bytes for Chunk::new
# Possible reasons:
#   The system is out of physical RAM or swap space
#   The process is running with CompressedOops enabled, and the Java Heap may be blocking the growth of the native heap
# Possible solutions:
#   Reduce memory load on the system
#   Increase physical memory or swap space
#   Check if swap backing store is full
#   Decrease Java heap size (-Xmx/-Xms)
#   Decrease number of Java threads
#   Decrease Java thread stack sizes (-Xss)
#   Set larger code cache with -XX:ReservedCodeCacheSize=
#   JVM is running with Unscaled Compressed Oops mode in which the Java heap is
#     placed in the first 4GB address space. The Java Heap base address is the
#     maximum limit for the native heap growth. Please use -XX:HeapBaseMinAddress
#     to set the Java Heap base and to place the Java Heap above 4GB virtual address.
# This output file may be truncated or incomplete.
#
#  Out of Memory Error (allocation.cpp:389), pid=5200, tid=0x0000000000001abc
#
# JRE version: OpenJDK Runtime Environment (8.0_242-b01) (build 1.8.0_242-release-1644-b01)
# Java VM: OpenJDK 64-Bit Server VM (25.242-b01 mixed mode windows-amd64 compressed oops)
# Failed to write core dump. Minidumps are not enabled by default on client versions of Windows
#

---------------  T H R E A D  ---------------

Current thread (0x00000000135de800):  JavaThread "C2 CompilerThread1" daemon [_thread_in_native, id=6844, stack(0x0000000014d00000,0x0000000014e00000)]

Stack: [0x0000000014d00000,0x0000000014e00000]
[error occurred during error reporting (printing stack bounds), id 0xc0000005]

Native frames: (J=compiled Java code, j=interpreted, Vv=VM code, C=native code)


Current CompileTask:
C2:  21302 10914       4       org.jetbrains.kotlin.com.intellij.core.CoreFileTypeRegistry::getFileTypeByFile (54 bytes)


---------------  P R O C E S S  ---------------

Java Threads: ( => current thread )
  0x0000000014f30800 JavaThread "Service Thread" daemon [_thread_blocked, id=2880, stack(0x0000000015300000,0x0000000015400000)]
  0x00000000135e5800 JavaThread "C1 CompilerThread2" daemon [_thread_in_native, id=3752, stack(0x0000000014e00000,0x0000000014f00000)]
=>0x00000000135de800 JavaThread "C2 CompilerThread1" daemon [_thread_in_native, id=6844, stack(0x0000000014d00000,0x0000000014e00000)]
  0x00000000135d7800 JavaThread "C2 CompilerThread0" daemon [_thread_in_native, id=3508, stack(0x0000000014c00000,0x0000000014d00000)]
  0x00000000135d5000 JavaThread "Attach Listener" daemon [_thread_blocked, id=5596, stack(0x0000000014b00000,0x0000000014c00000)]
  0x00000000135d3000 JavaThread "Signal Dispatcher" daemon [_thread_blocked, id=7948, stack(0x0000000014a00000,0x0000000014b00000)]
  0x000000000234a800 JavaThread "Finalizer" daemon [_thread_blocked, id=1608, stack(0x0000000014820000,0x0000000014920000)]
  0x000000000233f000 JavaThread "Reference Handler" daemon [_thread_blocked, id=2120, stack(0x0000000014720000,0x0000000014820000)]
  0x000000000224e000 JavaThread "main" [_thread_in_native, id=6504, stack(0x00000000020e0000,0x00000000021e0000)]

Other Threads:
  0x0000000013595800 VMThread [stack: 0x0000000014620000,0x0000000014720000] [id=7044]
  0x000000001362e800 WatcherThread [stack: 0x0000000015400000,0x0000000015500000] [id=7548]

VM state:not at safepoint (normal execution)

VM Mutex/Monitor currently owned by a thread: None

heap address: 0x00000000e2c00000, size: 468 MB, Compressed Oops mode: 32-bit
Narrow klass base: 0x0000000000000000, Narrow klass shift: 3
Compressed class space size: 1073741824 Address: 0x0000000100000000

Heap:
 PSYoungGen      total 115200K, used 7113K [0x00000000f6400000, 0x0000000100000000, 0x0000000100000000)
  eden space 79360K, 7% used [0x00000000f6400000,0x00000000f6a12528,0x00000000fb180000)
  from space 35840K, 2% used [0x00000000fd780000,0x00000000fd860298,0x00000000ffa80000)
  to   space 38912K, 0% used [0x00000000fb180000,0x00000000fb180000,0x00000000fd780000)
 ParOldGen       total 115200K, used 70354K [0x00000000e2c00000, 0x00000000e9c80000, 0x00000000f6400000)
  object space 115200K, 61% used [0x00000000e2c00000,0x00000000e70b4b10,0x00000000e9c80000)
 Metaspace       used 57796K, capacity 58978K, committed 59224K, reserved 1101824K
  class space    used 6653K, capacity 6951K, committed 7040K, reserved 1048576K

Card table byte_map: [0x0000000011710000,0x0000000011800000] byte_map_base: 0x0000000010ffa000

Marking Bits: (ParMarkBitMap*) 0x0000000058ebf030
 Begin Bits: [0x0000000011ca0000, 0x00000000123f0000)
 End Bits:   [0x00000000123f0000, 0x0000000012b40000)

Polling page: 0x0000000000850000

CodeCache: size=245760Kb used=40773Kb max_used=40784Kb free=204986Kb
 bounds [0x0000000002350000, 0x0000000004b40000, 0x0000000011350000]
 total_blobs=10246 nmethods=9722 adapters=434
 compilation: enabled

Compilation events (10 events):
Event: 21.288 Thread 0x00000000135d7800 nmethod 10941 0x00000000038a9250 code [0x00000000038a93a0, 0x00000000038a9698]
Event: 21.288 Thread 0x00000000135d7800 10968       4       org.jetbrains.kotlin.psi.KtVisitorVoid::visitKtElement (16 bytes)
Event: 21.288 Thread 0x00000000135e5800 nmethod 10976 0x0000000004b30250 code [0x0000000004b30420, 0x0000000004b30c78]
Event: 21.288 Thread 0x00000000135e5800 10970       3       org.jetbrains.kotlin.resolve.jvm.checkers.JvmModuleAccessibilityChecker$ClassifierUsage::check (307 bytes)
Event: 21.289 Thread 0x00000000135d7800 nmethod 10968 0x0000000004b21b10 code [0x0000000004b21c60, 0x0000000004b21cf8]
Event: 21.289 Thread 0x00000000135d7800 10940       4       org.jetbrains.kotlin.com.intellij.util.containers.CaseInsensitiveStringHashingStrategy::hashCode (9 bytes)
Event: 21.291 Thread 0x00000000135e5800 nmethod 10970 0x0000000004b32610 code [0x0000000004b32a60, 0x0000000004b35198]
Event: 21.291 Thread 0x00000000135e5800 10971       3       org.jetbrains.kotlin.resolve.checkers.ExperimentalUsageChecker$ClassifierUsage::check (325 bytes)
Event: 21.295 Thread 0x00000000135d7800 nmethod 10940 0x0000000004b2f9d0 code [0x0000000004b2fb20, 0x0000000004b2fe18]
Event: 21.295 Thread 0x00000000135d7800 10981       4       org.jetbrains.kotlin.psi.KtVisitorVoid::visitKtElement (16 bytes)

GC Heap History (10 events):
Event: 12.185 GC heap before
{Heap before GC invocations=15 (full 2):
 PSYoungGen      total 80896K, used 77733K [0x00000000f6400000, 0x00000000fcd00000, 0x0000000100000000)
  eden space 60928K, 100% used [0x00000000f6400000,0x00000000f9f80000,0x00000000f9f80000)
  from space 19968K, 84% used [0x00000000fb500000,0x00000000fc5694d0,0x00000000fc880000)
  to   space 22016K, 0% used [0x00000000f9f80000,0x00000000f9f80000,0x00000000fb500000)
 ParOldGen       total 70656K, used 37121K [0x00000000e2c00000, 0x00000000e7100000, 0x00000000f6400000)
  object space 70656K, 52% used [0x00000000e2c00000,0x00000000e50405b8,0x00000000e7100000)
 Metaspace       used 46810K, capacity 47702K, committed 48088K, reserved 1091584K
  class space    used 5523K, capacity 5789K, committed 5888K, reserved 1048576K
Event: 12.239 GC heap after
Heap after GC invocations=15 (full 2):
 PSYoungGen      total 82944K, used 21988K [0x00000000f6400000, 0x00000000fdf80000, 0x0000000100000000)
  eden space 60928K, 0% used [0x00000000f6400000,0x00000000f6400000,0x00000000f9f80000)
  from space 22016K, 99% used [0x00000000f9f80000,0x00000000fb4f91c0,0x00000000fb500000)
  to   space 26112K, 0% used [0x00000000fc600000,0x00000000fc600000,0x00000000fdf80000)
 ParOldGen       total 70656K, used 38536K [0x00000000e2c00000, 0x00000000e7100000, 0x00000000f6400000)
  object space 70656K, 54% used [0x00000000e2c00000,0x00000000e51a22e8,0x00000000e7100000)
 Metaspace       used 46810K, capacity 47702K, committed 48088K, reserved 1091584K
  class space    used 5523K, capacity 5789K, committed 5888K, reserved 1048576K
}
Event: 14.924 GC heap before
{Heap before GC invocations=16 (full 2):
 PSYoungGen      total 82944K, used 82916K [0x00000000f6400000, 0x00000000fdf80000, 0x0000000100000000)
  eden space 60928K, 100% used [0x00000000f6400000,0x00000000f9f80000,0x00000000f9f80000)
  from space 22016K, 99% used [0x00000000f9f80000,0x00000000fb4f91c0,0x00000000fb500000)
  to   space 26112K, 0% used [0x00000000fc600000,0x00000000fc600000,0x00000000fdf80000)
 ParOldGen       total 70656K, used 38536K [0x00000000e2c00000, 0x00000000e7100000, 0x00000000f6400000)
  object space 70656K, 54% used [0x00000000e2c00000,0x00000000e51a22e8,0x00000000e7100000)
 Metaspace       used 53109K, capacity 54260K, committed 54616K, reserved 1097728K
  class space    used 6352K, capacity 6660K, committed 6784K, reserved 1048576K
Event: 15.002 GC heap after
Heap after GC invocations=16 (full 2):
 PSYoungGen      total 93696K, used 26089K [0x00000000f6400000, 0x00000000fed00000, 0x0000000100000000)
  eden space 67584K, 0% used [0x00000000f6400000,0x00000000f6400000,0x00000000fa600000)
  from space 26112K, 99% used [0x00000000fc600000,0x00000000fdf7a6f0,0x00000000fdf80000)
  to   space 32768K, 0% used [0x00000000fa600000,0x00000000fa600000,0x00000000fc600000)
 ParOldGen       total 70656K, used 44818K [0x00000000e2c00000, 0x00000000e7100000, 0x00000000f6400000)
  object space 70656K, 63% used [0x00000000e2c00000,0x00000000e57c4950,0x00000000e7100000)
 Metaspace       used 53109K, capacity 54260K, committed 54616K, reserved 1097728K
  class space    used 6352K, capacity 6660K, committed 6784K, reserved 1048576K
}
Event: 18.592 GC heap before
{Heap before GC invocations=17 (full 2):
 PSYoungGen      total 93696K, used 93673K [0x00000000f6400000, 0x00000000fed00000, 0x0000000100000000)
  eden space 67584K, 100% used [0x00000000f6400000,0x00000000fa600000,0x00000000fa600000)
  from space 26112K, 99% used [0x00000000fc600000,0x00000000fdf7a6f0,0x00000000fdf80000)
  to   space 32768K, 0% used [0x00000000fa600000,0x00000000fa600000,0x00000000fc600000)
 ParOldGen       total 70656K, used 44818K [0x00000000e2c00000, 0x00000000e7100000, 0x00000000f6400000)
  object space 70656K, 63% used [0x00000000e2c00000,0x00000000e57c4950,0x00000000e7100000)
 Metaspace       used 55966K, capacity 57184K, committed 57560K, reserved 1099776K
  class space    used 6494K, capacity 6806K, committed 6912K, reserved 1048576K
Event: 18.663 GC heap after
Heap after GC invocations=17 (full 2):
 PSYoungGen      total 100352K, used 26971K [0x00000000f6400000, 0x00000000ffa80000, 0x0000000100000000)
  eden space 67584K, 0% used [0x00000000f6400000,0x00000000f6400000,0x00000000fa600000)
  from space 32768K, 82% used [0x00000000fa600000,0x00000000fc056fe0,0x00000000fc600000)
  to   space 35840K, 0% used [0x00000000fd780000,0x00000000fd780000,0x00000000ffa80000)
 ParOldGen       total 70656K, used 56787K [0x00000000e2c00000, 0x00000000e7100000, 0x00000000f6400000)
  object space 70656K, 80% used [0x00000000e2c00000,0x00000000e6374c58,0x00000000e7100000)
 Metaspace       used 55966K, capacity 57184K, committed 57560K, reserved 1099776K
  class space    used 6494K, capacity 6806K, committed 6912K, reserved 1048576K
}
Event: 20.510 GC heap before
{Heap before GC invocations=18 (full 2):
 PSYoungGen      total 100352K, used 63529K [0x00000000f6400000, 0x00000000ffa80000, 0x0000000100000000)
  eden space 67584K, 54% used [0x00000000f6400000,0x00000000f87b3450,0x00000000fa600000)
  from space 32768K, 82% used [0x00000000fa600000,0x00000000fc056fe0,0x00000000fc600000)
  to   space 35840K, 0% used [0x00000000fd780000,0x00000000fd780000,0x00000000ffa80000)
 ParOldGen       total 70656K, used 56787K [0x00000000e2c00000, 0x00000000e7100000, 0x00000000f6400000)
  object space 70656K, 80% used [0x00000000e2c00000,0x00000000e6374c58,0x00000000e7100000)
 Metaspace       used 57659K, capacity 58850K, committed 58968K, reserved 1101824K
  class space    used 6641K, capacity 6951K, committed 7040K, reserved 1048576K
Event: 20.552 GC heap after
Heap after GC invocations=18 (full 2):
 PSYoungGen      total 115200K, used 28619K [0x00000000f6400000, 0x0000000100000000, 0x0000000100000000)
  eden space 79360K, 0% used [0x00000000f6400000,0x00000000f6400000,0x00000000fb180000)
  from space 35840K, 79% used [0x00000000fd780000,0x00000000ff372d80,0x00000000ffa80000)
  to   space 38912K, 0% used [0x00000000fb180000,0x00000000fb180000,0x00000000fd780000)
 ParOldGen       total 70656K, used 56795K [0x00000000e2c00000, 0x00000000e7100000, 0x00000000f6400000)
  object space 70656K, 80% used [0x00000000e2c00000,0x00000000e6376c58,0x00000000e7100000)
 Metaspace       used 57659K, capacity 58850K, committed 58968K, reserved 1101824K
  class space    used 6641K, capacity 6951K, committed 7040K, reserved 1048576K
}
Event: 20.552 GC heap before
{Heap before GC invocations=19 (full 3):
 PSYoungGen      total 115200K, used 28619K [0x00000000f6400000, 0x0000000100000000, 0x0000000100000000)
  eden space 79360K, 0% used [0x00000000f6400000,0x00000000f6400000,0x00000000fb180000)
  from space 35840K, 79% used [0x00000000fd780000,0x00000000ff372d80,0x00000000ffa80000)
  to   space 38912K, 0% used [0x00000000fb180000,0x00000000fb180000,0x00000000fd780000)
 ParOldGen       total 70656K, used 56795K [0x00000000e2c00000, 0x00000000e7100000, 0x00000000f6400000)
  object space 70656K, 80% used [0x00000000e2c00000,0x00000000e6376c58,0x00000000e7100000)
 Metaspace       used 57659K, capacity 58850K, committed 58968K, reserved 1101824K
  class space    used 6641K, capacity 6951K, committed 7040K, reserved 1048576K
Event: 21.018 GC heap after
Heap after GC invocations=19 (full 3):
 PSYoungGen      total 115200K, used 896K [0x00000000f6400000, 0x0000000100000000, 0x0000000100000000)
  eden space 79360K, 0% used [0x00000000f6400000,0x00000000f6400000,0x00000000fb180000)
  from space 35840K, 2% used [0x00000000fd780000,0x00000000fd860298,0x00000000ffa80000)
  to   space 38912K, 0% used [0x00000000fb180000,0x00000000fb180000,0x00000000fd780000)
 ParOldGen       total 115200K, used 70354K [0x00000000e2c00000, 0x00000000e9c80000, 0x00000000f6400000)
  object space 115200K, 61% used [0x00000000e2c00000,0x00000000e70b4b10,0x00000000e9c80000)
 Metaspace       used 57659K, capacity 58850K, committed 58968K, reserved 1101824K
  class space    used 6641K, capacity 6951K, committed 7040K, reserved 1048576K
}

Deoptimization events (10 events):
Event: 21.030 Thread 0x000000000224e000 Uncommon trap: reason=class_check action=maybe_recompile pc=0x00000000049943c4 method=org.jetbrains.kotlin.descriptors.ScopesHolderForClass.getScope(Lorg/jetbrains/kotlin/types/checker/KotlinTypeRefiner;)Lorg/jetbrains/kotlin/resolve/scopes/MemberScope; @
Event: 21.086 Thread 0x000000000224e000 Uncommon trap: reason=unstable_if action=reinterpret pc=0x00000000032deebc method=java.util.ArrayList.indexOf(Ljava/lang/Object;)I @ 1
Event: 21.086 Thread 0x000000000224e000 Uncommon trap: reason=unstable_if action=reinterpret pc=0x0000000003772c08 method=java.util.ArrayList.indexOf(Ljava/lang/Object;)I @ 1
Event: 21.131 Thread 0x000000000224e000 Uncommon trap: reason=unstable_if action=reinterpret pc=0x0000000003677f34 method=org.jetbrains.kotlin.load.java.components.JavaAnnotationMapper.findMappedJavaAnnotation(Lorg/jetbrains/kotlin/name/FqName;Lorg/jetbrains/kotlin/load/java/structure/JavaAnnot
Event: 21.215 Thread 0x000000000224e000 Uncommon trap: reason=unstable_if action=reinterpret pc=0x00000000033dff5c method=java.util.concurrent.ConcurrentHashMap.get(Ljava/lang/Object;)Ljava/lang/Object; @ 76
Event: 21.215 Thread 0x000000000224e000 Uncommon trap: reason=unstable_if action=reinterpret pc=0x00000000028b311c method=java.util.concurrent.ConcurrentHashMap.get(Ljava/lang/Object;)Ljava/lang/Object; @ 76
Event: 21.216 Thread 0x000000000224e000 Uncommon trap: reason=class_check action=maybe_recompile pc=0x00000000026dd368 method=java.util.concurrent.ConcurrentHashMap.putVal(Ljava/lang/Object;Ljava/lang/Object;Z)Ljava/lang/Object; @ 192
Event: 21.216 Thread 0x000000000224e000 Uncommon trap: reason=class_check action=maybe_recompile pc=0x00000000026dd368 method=java.util.concurrent.ConcurrentHashMap.putVal(Ljava/lang/Object;Ljava/lang/Object;Z)Ljava/lang/Object; @ 192
Event: 21.223 Thread 0x000000000224e000 Uncommon trap: reason=class_check action=maybe_recompile pc=0x00000000026dd368 method=java.util.concurrent.ConcurrentHashMap.putVal(Ljava/lang/Object;Ljava/lang/Object;Z)Ljava/lang/Object; @ 192
Event: 21.223 Thread 0x000000000224e000 Uncommon trap: reason=class_check action=maybe_recompile pc=0x00000000026dd368 method=java.util.concurrent.ConcurrentHashMap.putVal(Ljava/lang/Object;Ljava/lang/Object;Z)Ljava/lang/Object; @ 192

Classes redefined (0 events):
No events

Internal exceptions (10 events):
Event: 13.521 Thread 0x000000000224e000 Implicit null exception at 0x0000000002dd8bda to 0x0000000002dd9655
Event: 13.552 Thread 0x000000000224e000 Exception <a 'java/lang/IncompatibleClassChangeError': Found class java.lang.Object, but interface was expected> (0x00000000f8ab9f40) thrown at [C:\src\AOSP-openjdk-git\hotspot\src\share\vm\interpreter\linkResolver.cpp, line 653]
Event: 13.572 Thread 0x000000000224e000 Implicit null exception at 0x0000000002674d16 to 0x00000000026750b1
Event: 13.668 Thread 0x000000000224e000 Implicit null exception at 0x0000000002573696 to 0x0000000002573a2d
Event: 15.079 Thread 0x000000000224e000 Implicit null exception at 0x000000000356c37c to 0x000000000356cee5
Event: 16.532 Thread 0x000000000224e000 Implicit null exception at 0x000000000336da74 to 0x000000000336db5a
Event: 19.373 Thread 0x000000000224e000 Implicit null exception at 0x00000000027200e5 to 0x00000000027204b9
Event: 19.463 Thread 0x000000000224e000 Implicit null exception at 0x00000000025b9495 to 0x00000000025b9665
Event: 21.086 Thread 0x000000000224e000 Implicit null exception at 0x00000000032dec14 to 0x00000000032deea6
Event: 21.086 Thread 0x000000000224e000 Implicit null exception at 0x0000000003772994 to 0x0000000003772bfe

Events (10 events):
Event: 21.216 Thread 0x000000000224e000 DEOPT PACKING pc=0x00000000026dd368 sp=0x00000000021db090
Event: 21.216 Thread 0x000000000224e000 DEOPT UNPACKING pc=0x000000000239557b sp=0x00000000021db018 mode 2
Event: 21.222 Thread 0x000000000224e000 Uncommon trap: trap_request=0xffffffde fr.pc=0x00000000026dd368
Event: 21.222 Executing VM operation: RevokeBias
Event: 21.223 Executing VM operation: RevokeBias done
Event: 21.223 Thread 0x000000000224e000 DEOPT PACKING pc=0x00000000026dd368 sp=0x00000000021db3e0
Event: 21.223 Thread 0x000000000224e000 DEOPT UNPACKING pc=0x000000000239557b sp=0x00000000021db368 mode 2
Event: 21.223 Thread 0x000000000224e000 Uncommon trap: trap_request=0xffffffde fr.pc=0x00000000026dd368
Event: 21.223 Thread 0x000000000224e000 DEOPT PACKING pc=0x00000000026dd368 sp=0x00000000021db3e0
Event: 21.223 Thread 0x000000000224e000 DEOPT UNPACKING pc=0x000000000239557b sp=0x00000000021db368 mode 2


Dynamic libraries:
0x00007ff7d4b60000 - 0x00007ff7d4b91000 	D:\Programm\Android\Android Studio\jre\jre\bin\java.exe
0x00007ffe9e6c0000 - 0x00007ffe9e86d000 	C:\Windows\SYSTEM32\ntdll.dll
0x00007ffe9dc90000 - 0x00007ffe9ddcf000 	C:\Windows\system32\KERNEL32.DLL
0x00007ffe7a380000 - 0x00007ffe7a396000 	C:\Program Files\Avast Software\Avast\aswhook.dll
0x00007ffe9bc30000 - 0x00007ffe9bd46000 	C:\Windows\system32\KERNELBASE.dll
0x00007ffe9e1b0000 - 0x00007ffe9e25a000 	C:\Windows\system32\ADVAPI32.dll
0x00007ffe9e260000 - 0x00007ffe9e3d7000 	C:\Windows\system32\USER32.dll
0x00007ffe98d80000 - 0x00007ffe98ffb000 	C:\Windows\WinSxS\amd64_microsoft.windows.common-controls_6595b64144ccf1df_6.0.9600.19394_none_62486577ecb635cf\COMCTL32.dll
0x00007ffe9d7f0000 - 0x00007ffe9d89a000 	C:\Windows\system32\msvcrt.dll
0x00007ffe9bf70000 - 0x00007ffe9bfc9000 	C:\Windows\SYSTEM32\sechost.dll
0x00007ffe9e3e0000 - 0x00007ffe9e520000 	C:\Windows\system32\RPCRT4.dll
0x00007ffe9dad0000 - 0x00007ffe9dc1c000 	C:\Windows\system32\GDI32.dll
0x00007ffe9b920000 - 0x00007ffe9b94e000 	C:\Windows\system32\SspiCli.dll
0x00007ffe9df30000 - 0x00007ffe9df66000 	C:\Windows\system32\IMM32.DLL
0x00007ffe9ddd0000 - 0x00007ffe9df22000 	C:\Windows\system32\MSCTF.dll
0x0000000058530000 - 0x0000000058602000 	D:\Programm\Android\Android Studio\jre\jre\bin\msvcr100.dll
0x00000000586f0000 - 0x0000000058f3b000 	D:\Programm\Android\Android Studio\jre\jre\bin\server\jvm.dll
0x00007ffe94d40000 - 0x00007ffe94d49000 	C:\Windows\SYSTEM32\WSOCK32.dll
0x00007ffe8cbe0000 - 0x00007ffe8cc02000 	C:\Windows\SYSTEM32\WINMM.dll
0x00007ffe993b0000 - 0x00007ffe993ba000 	C:\Windows\SYSTEM32\VERSION.dll
0x00007ffe9d9f0000 - 0x00007ffe9d9f7000 	C:\Windows\system32\PSAPI.DLL
0x00007ffe9df70000 - 0x00007ffe9dfca000 	C:\Windows\system32\WS2_32.dll
0x00007ffe8cbb0000 - 0x00007ffe8cbda000 	C:\Windows\SYSTEM32\WINMMBASE.dll
0x00007ffe9d9e0000 - 0x00007ffe9d9e9000 	C:\Windows\system32\NSI.dll
0x00007ffe9b950000 - 0x00007ffe9b99f000 	C:\Windows\SYSTEM32\cfgmgr32.dll
0x00007ffe9a610000 - 0x00007ffe9a638000 	C:\Windows\SYSTEM32\DEVOBJ.dll
0x00007ffe994f0000 - 0x00007ffe994ff000 	D:\Programm\Android\Android Studio\jre\jre\bin\verify.dll
0x00007ffe84cd0000 - 0x00007ffe84cf9000 	D:\Programm\Android\Android Studio\jre\jre\bin\java.dll
0x00007ffe8d130000 - 0x00007ffe8d146000 	D:\Programm\Android\Android Studio\jre\jre\bin\zip.dll
0x00007ffe9bfd0000 - 0x00007ffe9d4fb000 	C:\Windows\system32\SHELL32.dll
0x00007ffe9d5c0000 - 0x00007ffe9d7d0000 	C:\Windows\SYSTEM32\combase.dll
0x00007ffe9d960000 - 0x00007ffe9d9b4000 	C:\Windows\system32\SHLWAPI.dll
0x00007ffe99bd0000 - 0x00007ffe99c82000 	C:\Windows\SYSTEM32\SHCORE.dll
0x00007ffe9b7f0000 - 0x00007ffe9b805000 	C:\Windows\SYSTEM32\profapi.dll
0x00007ffe8cb60000 - 0x00007ffe8cb7a000 	D:\Programm\Android\Android Studio\jre\jre\bin\net.dll
0x00007ffe9b020000 - 0x00007ffe9b079000 	C:\Windows\system32\mswsock.dll
0x00007ffe8bd00000 - 0x00007ffe8bd13000 	D:\Programm\Android\Android Studio\jre\jre\bin\nio.dll

VM Arguments:
java_command: org.jetbrains.kotlin.cli.jvm.K2JVMCompiler @C:\Users\qwert\AndroidStudioProjects\EnglishQQ\app\build\20211203_1168642266995208938.compiler.options
java_class_path (initial): C:\Users\qwert\.gradle\caches\modules-2\files-2.1\org.jetbrains.kotlin\kotlin-compiler-embeddable\1.4.32\b4fc9be460ca88eecea2303e142ce2920bd14775\kotlin-compiler-embeddable-1.4.32.jar;C:\Users\qwert\.gradle\caches\modules-2\files-2.1\org.jetbrains.kotlin\kotlin-reflect\1.4.32\ce852b166d97f0f1991b5130c2bb02e2ef6c554e\kotlin-reflect-1.4.32.jar;C:\Users\qwert\.gradle\caches\modules-2\files-2.1\org.jetbrains.kotlin\kotlin-stdlib\1.4.32\461367948840adbb0839c51d91ed74ef4a9ccb52\kotlin-stdlib-1.4.32.jar;C:\Users\qwert\.gradle\caches\modules-2\files-2.1\org.jetbrains.kotlin\kotlin-script-runtime\1.4.32\bac50b0748be017dbc13fc1cb7231b1c9da0e106\kotlin-script-runtime-1.4.32.jar;C:\Users\qwert\.gradle\caches\modules-2\files-2.1\org.jetbrains.kotlin\kotlin-daemon-embeddable\1.4.32\b40c5de5adea26ebb4e5fc36945c482ac20acee2\kotlin-daemon-embeddable-1.4.32.jar;C:\Users\qwert\.gradle\caches\modules-2\files-2.1\org.jetbrains.intellij.deps\trove4j\1.0.20181211\216c2e14b070f334479d800987affe4054cd563f\trove4j-1.0.20181211.jar;C:\Users\qwert\.gradle\caches\modules-2\files-2.1\org.jetbrains.kotlin\kotlin-stdlib-common\1.4.32\ef50bfa2c0491a11dcc35d9822edbfd6170e1ea2\kotlin-stdlib-common-1.4.32.jar;C:\Users\qwert\.gradle\caches\modules-2\files-2.1\org.jetbrains\annotations\13.0\919f0dfe192fb4e063e7dacadee7f8bb9a2672a9\annotations-13.0.jar;D:\Programm\Android\Android Studio\jre\lib\tools.jar
Launcher Type: SUN_STANDARD

Environment Variables:
PATH=C:\Windows\system32;C:\Windows;C:\Windows\System32\Wbem;C:\Windows\System32\WindowsPowerShell\v1.0\;D:\Git\cmd;C:\Users\qwert\AppData\Local\Programs\Python\Python310\Scripts\;C:\Users\qwert\AppData\Local\Programs\Python\Python310\
USERNAME=qwert
OS=Windows_NT
PROCESSOR_IDENTIFIER=Intel64 Family 6 Model 58 Stepping 9, GenuineIntel



---------------  S Y S T E M  ---------------

OS: Windows 8.1 , 64 bit Build 9600 (6.3.9600.19538)

CPU:total 4 (initial active 4) (2 cores per cpu, 2 threads per core) family 6 model 58 stepping 9, cmov, cx8, fxsr, mmx, sse, sse2, sse3, ssse3, sse4.1, sse4.2, popcnt, avx, clmul, erms, ht, tsc, tscinvbit, tscinv

Memory: 4k page, physical 1911144k(305576k free), swap 7678312k(5304k free)

vm_info: OpenJDK 64-Bit Server VM (25.242-b01) for windows-amd64 JRE (1.8.0_242-release-1644-b01), built by "builder" with MS VC++ 10.0 (VS2010)

time: Fri Dec 03 03:43:24 2021
timezone: Западная Азия (зима)
elapsed time: 21 seconds (0d 0h 0m 21s)

