#
# There is insufficient memory for the Java Runtime Environment to continue.
# Native memory allocation (malloc) failed to allocate 1514896 bytes for Chunk::new
# Possible reasons:
#   The system is out of physical RAM or swap space
#   The process is running with CompressedOops enabled, and the Java Heap may be blocking the growth of the native heap
# Possible solutions:
#   Reduce memory load on the system
#   Increase physical memory or swap space
#   Check if swap backing store is full
#   Decrease Java heap size (-Xmx/-Xms)
#   Decrease number of Java threads
#   Decrease Java thread stack sizes (-Xss)
#   Set larger code cache with -XX:ReservedCodeCacheSize=
#   JVM is running with Unscaled Compressed Oops mode in which the Java heap is
#     placed in the first 4GB address space. The Java Heap base address is the
#     maximum limit for the native heap growth. Please use -XX:HeapBaseMinAddress
#     to set the Java Heap base and to place the Java Heap above 4GB virtual address.
# This output file may be truncated or incomplete.
#
#  Out of Memory Error (allocation.cpp:389), pid=5972, tid=0x0000000000000b3c
#
# JRE version: OpenJDK Runtime Environment (8.0_242-b01) (build 1.8.0_242-release-1644-b01)
# Java VM: OpenJDK 64-Bit Server VM (25.242-b01 mixed mode windows-amd64 compressed oops)
# Failed to write core dump. Minidumps are not enabled by default on client versions of Windows
#

---------------  T H R E A D  ---------------

Current thread (0x00000000169d9800):  JavaThread "C2 CompilerThread1" daemon [_thread_in_native, id=2876, stack(0x0000000018100000,0x0000000018200000)]

Stack: [0x0000000018100000,0x0000000018200000]
[error occurred during error reporting (printing stack bounds), id 0xc0000005]

Native frames: (J=compiled Java code, j=interpreted, Vv=VM code, C=native code)


Current CompileTask:
C2:  34407 10503       4       org.gradle.internal.component.model.ComponentAttributeMatcher::match (259 bytes)


---------------  P R O C E S S  ---------------

Java Threads: ( => current thread )
  0x000000001b088800 JavaThread "Memory manager" [_thread_blocked, id=5964, stack(0x000000002cfc0000,0x000000002d0c0000)]
  0x000000001b08a000 JavaThread "Cache worker for execution history cache (C:\Users\qwert\AndroidStudioProjects\EnglishQQ\.gradle\6.5\executionHistory)" [_thread_blocked, id=6604, stack(0x000000002cec0000,0x000000002cfc0000)]
  0x000000001b085000 JavaThread "jar transforms Thread 121" [_thread_blocked, id=7568, stack(0x000000002a3d0000,0x000000002a4d0000)]
  0x000000001b087800 JavaThread "jar transforms Thread 120" [_thread_blocked, id=3864, stack(0x000000002a2d0000,0x000000002a3d0000)]
  0x000000001d0af000 JavaThread "jar transforms Thread 119" [_thread_blocked, id=6220, stack(0x000000002a1d0000,0x000000002a2d0000)]
  0x000000001d0ae800 JavaThread "jar transforms Thread 118" [_thread_blocked, id=7340, stack(0x000000002a0d0000,0x000000002a1d0000)]
  0x000000001d0ad800 JavaThread "jar transforms Thread 117" [_thread_blocked, id=6724, stack(0x0000000029fd0000,0x000000002a0d0000)]
  0x000000001d0aa000 JavaThread "jar transforms Thread 116" [_thread_blocked, id=4468, stack(0x0000000029ed0000,0x0000000029fd0000)]
  0x000000001d0ad000 JavaThread "jar transforms Thread 115" [_thread_blocked, id=4208, stack(0x0000000029dd0000,0x0000000029ed0000)]
  0x000000001d0ac000 JavaThread "jar transforms Thread 114" [_thread_blocked, id=6520, stack(0x0000000029cd0000,0x0000000029dd0000)]
  0x000000001d0ab800 JavaThread "jar transforms Thread 113" [_thread_blocked, id=7204, stack(0x0000000029bd0000,0x0000000029cd0000)]
  0x000000001d0aa800 JavaThread "jar transforms Thread 112" [_thread_blocked, id=7928, stack(0x0000000029ad0000,0x0000000029bd0000)]
  0x000000001d0a9000 JavaThread "jar transforms Thread 111" [_thread_blocked, id=5768, stack(0x00000000299d0000,0x0000000029ad0000)]
  0x000000001d0a6000 JavaThread "jar transforms Thread 110" [_thread_blocked, id=6096, stack(0x00000000298d0000,0x00000000299d0000)]
  0x000000001d0a8800 JavaThread "jar transforms Thread 109" [_thread_blocked, id=5716, stack(0x00000000297d0000,0x00000000298d0000)]
  0x000000001d0a5800 JavaThread "jar transforms Thread 108" [_thread_blocked, id=7916, stack(0x00000000296d0000,0x00000000297d0000)]
  0x000000001d0a7800 JavaThread "jar transforms Thread 107" [_thread_blocked, id=7696, stack(0x00000000295d0000,0x00000000296d0000)]
  0x000000001d0a7000 JavaThread "jar transforms Thread 106" [_thread_blocked, id=4580, stack(0x00000000294d0000,0x00000000295d0000)]
  0x000000001d0a1800 JavaThread "jar transforms Thread 105" [_thread_blocked, id=2472, stack(0x00000000293d0000,0x00000000294d0000)]
  0x000000001d0a4800 JavaThread "jar transforms Thread 104" [_thread_blocked, id=3016, stack(0x00000000292d0000,0x00000000293d0000)]
  0x000000001d0a4000 JavaThread "jar transforms Thread 103" [_thread_blocked, id=6688, stack(0x00000000291d0000,0x00000000292d0000)]
  0x000000001d0a1000 JavaThread "jar transforms Thread 102" [_thread_blocked, id=7192, stack(0x00000000290d0000,0x00000000291d0000)]
  0x000000001d0a2800 JavaThread "jar transforms Thread 101" [_thread_blocked, id=2244, stack(0x0000000028fd0000,0x00000000290d0000)]
  0x000000001d0a0000 JavaThread "jar transforms Thread 100" [_thread_blocked, id=5064, stack(0x0000000028ed0000,0x0000000028fd0000)]
  0x000000001d0a3000 JavaThread "jar transforms Thread 99" [_thread_blocked, id=3884, stack(0x0000000028dd0000,0x0000000028ed0000)]
  0x0000000019a18800 JavaThread "jar transforms Thread 98" [_thread_blocked, id=8000, stack(0x0000000028cd0000,0x0000000028dd0000)]
  0x0000000019a17800 JavaThread "jar transforms Thread 97" [_thread_blocked, id=7972, stack(0x0000000028bd0000,0x0000000028cd0000)]
  0x0000000019a19000 JavaThread "jar transforms Thread 96" [_thread_blocked, id=5256, stack(0x0000000028ad0000,0x0000000028bd0000)]
  0x0000000019a1a000 JavaThread "jar transforms Thread 95" [_thread_blocked, id=6884, stack(0x00000000289d0000,0x0000000028ad0000)]
  0x0000000019a17000 JavaThread "jar transforms Thread 94" [_thread_blocked, id=3580, stack(0x00000000288d0000,0x00000000289d0000)]
  0x0000000019a13000 JavaThread "jar transforms Thread 93" [_thread_blocked, id=7060, stack(0x00000000287d0000,0x00000000288d0000)]
  0x0000000019a16000 JavaThread "jar transforms Thread 92" [_thread_blocked, id=6344, stack(0x00000000286d0000,0x00000000287d0000)]
  0x0000000019a15800 JavaThread "jar transforms Thread 91" [_thread_blocked, id=7932, stack(0x00000000285d0000,0x00000000286d0000)]
  0x0000000019a14800 JavaThread "jar transforms Thread 90" [_thread_blocked, id=4388, stack(0x00000000284d0000,0x00000000285d0000)]
  0x0000000019a14000 JavaThread "jar transforms Thread 89" [_thread_blocked, id=7516, stack(0x00000000283d0000,0x00000000284d0000)]
  0x0000000019a0f800 JavaThread "jar transforms Thread 88" [_thread_blocked, id=7040, stack(0x00000000282d0000,0x00000000283d0000)]
  0x0000000019a12800 JavaThread "jar transforms Thread 87" [_thread_blocked, id=4724, stack(0x00000000281d0000,0x00000000282d0000)]
  0x0000000019a0e800 JavaThread "jar transforms Thread 86" [_thread_blocked, id=1204, stack(0x00000000280d0000,0x00000000281d0000)]
  0x0000000019a11800 JavaThread "jar transforms Thread 85" [_thread_blocked, id=4460, stack(0x0000000027fd0000,0x00000000280d0000)]
  0x0000000019a11000 JavaThread "jar transforms Thread 84" [_thread_blocked, id=3644, stack(0x0000000027ed0000,0x0000000027fd0000)]
  0x0000000019a10000 JavaThread "jar transforms Thread 83" [_thread_blocked, id=5452, stack(0x0000000027dd0000,0x0000000027ed0000)]
  0x0000000019a0b800 JavaThread "jar transforms Thread 82" [_thread_blocked, id=5552, stack(0x0000000027cd0000,0x0000000027dd0000)]
  0x0000000019a0a800 JavaThread "jar transforms Thread 81" [_thread_blocked, id=1908, stack(0x0000000027bd0000,0x0000000027cd0000)]
  0x0000000019a0d800 JavaThread "jar transforms Thread 80" [_thread_blocked, id=824, stack(0x0000000027ad0000,0x0000000027bd0000)]
  0x0000000019a0d000 JavaThread "jar transforms Thread 79" [_thread_blocked, id=6392, stack(0x00000000279d0000,0x0000000027ad0000)]
  0x0000000019a0c000 JavaThread "jar transforms Thread 78" [_thread_blocked, id=5360, stack(0x00000000278d0000,0x00000000279d0000)]
  0x000000001d0e7000 JavaThread "jar transforms Thread 77" [_thread_blocked, id=8060, stack(0x00000000277d0000,0x00000000278d0000)]
  0x000000001d0e3800 JavaThread "jar transforms Thread 76" [_thread_blocked, id=8016, stack(0x00000000276d0000,0x00000000277d0000)]
  0x000000001d0e6800 JavaThread "jar transforms Thread 75" [_thread_blocked, id=7384, stack(0x00000000275d0000,0x00000000276d0000)]
  0x000000001d0e5000 JavaThread "jar transforms Thread 74" [_thread_blocked, id=6364, stack(0x00000000274d0000,0x00000000275d0000)]
  0x000000001d0e5800 JavaThread "jar transforms Thread 73" [_thread_blocked, id=768, stack(0x00000000273d0000,0x00000000274d0000)]
  0x000000001d0e2000 JavaThread "jar transforms Thread 72" [_thread_blocked, id=6728, stack(0x00000000272d0000,0x00000000273d0000)]
  0x000000001d0e4000 JavaThread "jar transforms Thread 71" [_thread_blocked, id=7420, stack(0x00000000271d0000,0x00000000272d0000)]
  0x000000001d0e2800 JavaThread "jar transforms Thread 70" [_thread_blocked, id=6188, stack(0x00000000270d0000,0x00000000271d0000)]
  0x000000001d0de000 JavaThread "jar transforms Thread 69" [_thread_blocked, id=5808, stack(0x0000000026fd0000,0x00000000270d0000)]
  0x000000001d0df000 JavaThread "jar transforms Thread 68" [_thread_blocked, id=7228, stack(0x0000000026ed0000,0x0000000026fd0000)]
  0x000000001d0e1000 JavaThread "jar transforms Thread 67" [_thread_blocked, id=4684, stack(0x0000000026dd0000,0x0000000026ed0000)]
  0x000000001d0dd800 JavaThread "jar transforms Thread 66" [_thread_blocked, id=2884, stack(0x0000000026cd0000,0x0000000026dd0000)]
  0x000000001d0e0800 JavaThread "jar transforms Thread 65" [_thread_blocked, id=6352, stack(0x0000000026bd0000,0x0000000026cd0000)]
  0x000000001d0dc800 JavaThread "jar transforms Thread 64" [_thread_blocked, id=7468, stack(0x0000000026ad0000,0x0000000026bd0000)]
  0x000000001d0df800 JavaThread "jar transforms Thread 63" [_thread_blocked, id=904, stack(0x00000000269d0000,0x0000000026ad0000)]
  0x000000001d0d9000 JavaThread "jar transforms Thread 62" [_thread_blocked, id=7640, stack(0x00000000268d0000,0x00000000269d0000)]
  0x000000001d0db000 JavaThread "jar transforms Thread 61" [_thread_blocked, id=5108, stack(0x00000000267d0000,0x00000000268d0000)]
  0x000000001d0dc000 JavaThread "jar transforms Thread 60" [_thread_blocked, id=5796, stack(0x00000000266d0000,0x00000000267d0000)]
  0x000000001d0d9800 JavaThread "jar transforms Thread 59" [_thread_blocked, id=2668, stack(0x00000000265d0000,0x00000000266d0000)]
  0x000000001d0da800 JavaThread "jar transforms Thread 58" [_thread_blocked, id=2052, stack(0x00000000264d0000,0x00000000265d0000)]
  0x000000001d0d8000 JavaThread "jar transforms Thread 57" [_thread_blocked, id=6792, stack(0x00000000263d0000,0x00000000264d0000)]
  0x000000001d9d3800 JavaThread "jar transforms Thread 56" [_thread_blocked, id=6580, stack(0x00000000262d0000,0x00000000263d0000)]
  0x000000001d9cf800 JavaThread "jar transforms Thread 55" [_thread_blocked, id=6712, stack(0x00000000261d0000,0x00000000262d0000)]
  0x000000001d9d2800 JavaThread "jar transforms Thread 54" [_thread_blocked, id=6644, stack(0x00000000260d0000,0x00000000261d0000)]
  0x000000001d9d2000 JavaThread "jar transforms Thread 53" [_thread_blocked, id=5816, stack(0x0000000025fd0000,0x00000000260d0000)]
  0x000000001d9ce000 JavaThread "jar transforms Thread 52" [_thread_blocked, id=6276, stack(0x0000000025ed0000,0x0000000025fd0000)]
  0x000000001d9ce800 JavaThread "jar transforms Thread 51" [_thread_blocked, id=4332, stack(0x0000000025dd0000,0x0000000025ed0000)]
  0x000000001d9d0800 JavaThread "jar transforms Thread 50" [_thread_blocked, id=7444, stack(0x0000000025cd0000,0x0000000025dd0000)]
  0x000000001d9d1000 JavaThread "jar transforms Thread 49" [_thread_blocked, id=6236, stack(0x0000000025bd0000,0x0000000025cd0000)]
  0x000000001d9ca000 JavaThread "jar transforms Thread 48" [_thread_blocked, id=1848, stack(0x0000000025ad0000,0x0000000025bd0000)]
  0x000000001d9cb800 JavaThread "jar transforms Thread 47" [_thread_blocked, id=1324, stack(0x00000000259d0000,0x0000000025ad0000)]
  0x000000001d9cd000 JavaThread "jar transforms Thread 46" [_thread_blocked, id=4788, stack(0x00000000258d0000,0x00000000259d0000)]
  0x000000001d9cb000 JavaThread "jar transforms Thread 45" [_thread_blocked, id=5048, stack(0x00000000257d0000,0x00000000258d0000)]
  0x000000001d9cc800 JavaThread "jar transforms Thread 44" [_thread_blocked, id=7360, stack(0x00000000256d0000,0x00000000257d0000)]
  0x000000001d9c6800 JavaThread "jar transforms Thread 43" [_thread_blocked, id=8156, stack(0x00000000255d0000,0x00000000256d0000)]
  0x000000001d9c9800 JavaThread "jar transforms Thread 42" [_thread_blocked, id=2660, stack(0x00000000254d0000,0x00000000255d0000)]
  0x000000001d9c8800 JavaThread "jar transforms Thread 41" [_thread_blocked, id=7780, stack(0x00000000253d0000,0x00000000254d0000)]
  0x000000001d9c5000 JavaThread "jar transforms Thread 40" [_thread_blocked, id=8184, stack(0x00000000252d0000,0x00000000253d0000)]
  0x000000001d9c8000 JavaThread "jar transforms Thread 39" [_thread_blocked, id=6200, stack(0x00000000251d0000,0x00000000252d0000)]
  0x000000001d9c4000 JavaThread "jar transforms Thread 38" [_thread_blocked, id=4656, stack(0x00000000250d0000,0x00000000251d0000)]
  0x000000001d9c5800 JavaThread "jar transforms Thread 37" [_thread_blocked, id=4544, stack(0x0000000024fd0000,0x00000000250d0000)]
  0x000000001d9c7000 JavaThread "jar transforms Thread 36" [_thread_blocked, id=7396, stack(0x0000000024ed0000,0x0000000024fd0000)]
  0x000000001ce58000 JavaThread "jar transforms Thread 35" [_thread_blocked, id=3028, stack(0x0000000024dd0000,0x0000000024ed0000)]
  0x000000001ce56000 JavaThread "jar transforms Thread 34" [_thread_blocked, id=7768, stack(0x0000000024cd0000,0x0000000024dd0000)]
  0x000000001ce57800 JavaThread "jar transforms Thread 33" [_thread_blocked, id=852, stack(0x0000000024bd0000,0x0000000024cd0000)]
  0x000000001ce56800 JavaThread "jar transforms Thread 32" [_thread_blocked, id=3020, stack(0x0000000024ad0000,0x0000000024bd0000)]
  0x000000001ce55000 JavaThread "jar transforms Thread 31" [_thread_blocked, id=3000, stack(0x00000000249d0000,0x0000000024ad0000)]
  0x000000001ce53000 JavaThread "jar transforms Thread 30" [_thread_blocked, id=5012, stack(0x00000000248d0000,0x00000000249d0000)]
  0x000000001ce51800 JavaThread "jar transforms Thread 29" [_thread_blocked, id=3152, stack(0x00000000247d0000,0x00000000248d0000)]
  0x000000001ce54800 JavaThread "jar transforms Thread 28" [_thread_blocked, id=7644, stack(0x00000000246d0000,0x00000000247d0000)]
  0x000000001ce53800 JavaThread "jar transforms Thread 27" [_thread_blocked, id=6176, stack(0x00000000245d0000,0x00000000246d0000)]
  0x000000001ce50800 JavaThread "jar transforms Thread 26" [_thread_blocked, id=7772, stack(0x00000000244d0000,0x00000000245d0000)]
  0x000000001ce50000 JavaThread "jar transforms Thread 25" [_thread_blocked, id=1064, stack(0x00000000243d0000,0x00000000244d0000)]
  0x000000001ce4f000 JavaThread "jar transforms Thread 24" [_thread_blocked, id=7796, stack(0x00000000242d0000,0x00000000243d0000)]
  0x000000001ce52000 JavaThread "jar transforms Thread 23" [_thread_blocked, id=6972, stack(0x00000000241d0000,0x00000000242d0000)]
  0x000000001ce4d000 JavaThread "jar transforms Thread 22" [_thread_blocked, id=7528, stack(0x00000000240d0000,0x00000000241d0000)]
  0x000000001ce4d800 JavaThread "jar transforms Thread 21" [_thread_blocked, id=7744, stack(0x0000000023fd0000,0x00000000240d0000)]
  0x000000001ce4e800 JavaThread "Build operations Thread 4" [_thread_blocked, id=6776, stack(0x0000000023cd0000,0x0000000023dd0000)]
  0x000000001ce4c000 JavaThread "Build operations Thread 3" [_thread_blocked, id=7188, stack(0x0000000023bd0000,0x0000000023cd0000)]
  0x000000001ce4b800 JavaThread "Build operations Thread 2" [_thread_blocked, id=4264, stack(0x0000000023ad0000,0x0000000023bd0000)]
  0x000000001ce49000 JavaThread "Build operations" [_thread_in_Java, id=452, stack(0x00000000239d0000,0x0000000023ad0000)]
  0x000000001ce4a800 JavaThread "Cache worker for Build Output Cleanup Cache (C:\Users\qwert\AndroidStudioProjects\EnglishQQ\.gradle\buildOutputCleanup)" [_thread_blocked, id=7512, stack(0x0000000022090000,0x0000000022190000)]
  0x000000001a81c000 JavaThread "Cache worker for file content cache (C:\Users\qwert\.gradle\caches\6.5\fileContent)" [_thread_blocked, id=1520, stack(0x0000000021f90000,0x0000000022090000)]
  0x000000001a81b000 JavaThread "Cache worker for execution history cache (C:\Users\qwert\.gradle\caches\6.5\executionHistory)" [_thread_blocked, id=288, stack(0x0000000021a90000,0x0000000021b90000)]
  0x000000001a817800 JavaThread "Cache worker for cache directory md-rule (C:\Users\qwert\.gradle\caches\6.5\md-rule)" [_thread_blocked, id=5844, stack(0x0000000021790000,0x0000000021890000)]
  0x000000001a81a800 JavaThread "Cache worker for cache directory md-supplier (C:\Users\qwert\.gradle\caches\6.5\md-supplier)" [_thread_blocked, id=6060, stack(0x0000000021690000,0x0000000021790000)]
  0x000000001a819000 JavaThread "Cache worker for checksums cache (C:\Users\qwert\AndroidStudioProjects\EnglishQQ\.gradle\checksums)" [_thread_blocked, id=8052, stack(0x0000000021590000,0x0000000021690000)]
  0x000000001a813800 JavaThread "jar transforms Thread 20" [_thread_blocked, id=8004, stack(0x0000000021290000,0x0000000021390000)]
  0x000000001a816800 JavaThread "jar transforms Thread 19" [_thread_blocked, id=7196, stack(0x0000000021190000,0x0000000021290000)]
  0x000000001a816000 JavaThread "jar transforms Thread 18" [_thread_blocked, id=5340, stack(0x0000000021090000,0x0000000021190000)]
  0x000000001a815000 JavaThread "jar transforms Thread 17" [_thread_blocked, id=7592, stack(0x0000000020f90000,0x0000000021090000)]
  0x000000001a814800 JavaThread "jar transforms Thread 16" [_thread_blocked, id=6632, stack(0x0000000020e90000,0x0000000020f90000)]
  0x000000001a810000 JavaThread "jar transforms Thread 15" [_thread_blocked, id=5756, stack(0x0000000020d90000,0x0000000020e90000)]
  0x000000001a813000 JavaThread "jar transforms Thread 14" [_thread_blocked, id=7956, stack(0x0000000020c90000,0x0000000020d90000)]
  0x000000001a80f000 JavaThread "jar transforms Thread 13" [_thread_blocked, id=8172, stack(0x0000000020b90000,0x0000000020c90000)]
  0x000000001a811800 JavaThread "jar transforms Thread 12" [_thread_blocked, id=7604, stack(0x0000000020a90000,0x0000000020b90000)]
  0x000000001a812000 JavaThread "jar transforms Thread 11" [_thread_blocked, id=6660, stack(0x0000000020990000,0x0000000020a90000)]
  0x000000001a810800 JavaThread "jar transforms Thread 10" [_thread_blocked, id=6592, stack(0x0000000020890000,0x0000000020990000)]
  0x000000001a80e800 JavaThread "jar transforms Thread 9" [_thread_blocked, id=6160, stack(0x0000000020790000,0x0000000020890000)]
  0x000000001a875800 JavaThread "jar transforms Thread 8" [_thread_blocked, id=8036, stack(0x0000000020690000,0x0000000020790000)]
  0x000000001a875000 JavaThread "jar transforms Thread 7" [_thread_blocked, id=4368, stack(0x0000000020590000,0x0000000020690000)]
  0x000000001a873800 JavaThread "jar transforms Thread 6" [_thread_blocked, id=7824, stack(0x0000000020490000,0x0000000020590000)]
  0x000000001a874000 JavaThread "jar transforms Thread 5" [_thread_blocked, id=7316, stack(0x0000000020390000,0x0000000020490000)]
  0x000000001a876800 JavaThread "jar transforms Thread 4" [_thread_blocked, id=7000, stack(0x0000000020290000,0x0000000020390000)]
  0x000000001a86f800 JavaThread "jar transforms Thread 3" [_thread_blocked, id=3124, stack(0x000000001ef30000,0x000000001f030000)]
  0x000000001a871000 JavaThread "jar transforms Thread 2" [_thread_blocked, id=5212, stack(0x000000001ee30000,0x000000001ef30000)]
  0x000000001a870800 JavaThread "jar transforms" [_thread_blocked, id=4728, stack(0x000000001ed30000,0x000000001ee30000)]
  0x000000001a872800 JavaThread "Cache worker for file hash cache (C:\Users\qwert\AndroidStudioProjects\EnglishQQ\.gradle\6.5\fileHashes)" [_thread_blocked, id=7700, stack(0x000000001ec30000,0x000000001ed30000)]
  0x000000001a872000 JavaThread "Cache worker for file hash cache (C:\Users\qwert\.gradle\caches\6.5\fileHashes)" [_thread_blocked, id=7388, stack(0x000000001c990000,0x000000001ca90000)]
  0x000000001a61e800 JavaThread "File lock request listener" [_thread_in_native, id=5596, stack(0x000000001c890000,0x000000001c990000)]
  0x000000001a603800 JavaThread "Cache worker for journal cache (C:\Users\qwert\.gradle\caches\journal-1)" [_thread_blocked, id=7480, stack(0x000000001c690000,0x000000001c790000)]
  0x000000001a516000 JavaThread "Thread-9" [_thread_blocked, id=2956, stack(0x000000001c390000,0x000000001c490000)]
  0x000000001a515800 JavaThread "Stdin handler" [_thread_blocked, id=5320, stack(0x000000001c290000,0x000000001c390000)]
  0x000000001a532000 JavaThread "Asynchronous log dispatcher for DefaultDaemonConnection: socket connection from /127.0.0.1:12801 to /127.0.0.1:12802" [_thread_blocked, id=7968, stack(0x000000001c190000,0x000000001c290000)]
  0x000000001a542000 JavaThread "Daemon worker" [_thread_blocked, id=8084, stack(0x000000001c090000,0x000000001c190000)]
  0x000000001a541800 JavaThread "Cancel handler" [_thread_blocked, id=7632, stack(0x000000001bf90000,0x000000001c090000)]
  0x000000001a0cb000 JavaThread "Handler for socket connection from /127.0.0.1:12801 to /127.0.0.1:12802" [_thread_in_native, id=7048, stack(0x000000001bc90000,0x000000001bd90000)]
  0x000000001a0c8000 JavaThread "Daemon" [_thread_blocked, id=5516, stack(0x000000001bb90000,0x000000001bc90000)]
  0x000000001a480800 JavaThread "Daemon periodic checks" [_thread_blocked, id=2580, stack(0x000000001ba90000,0x000000001bb90000)]
  0x000000001a47e000 JavaThread "Incoming local TCP Connector on port 12801" [_thread_in_native, id=6148, stack(0x000000001b8a0000,0x000000001b9a0000)]
  0x000000001a0fd000 JavaThread "Daemon health stats" [_thread_blocked, id=4376, stack(0x000000001b2a0000,0x000000001b3a0000)]
  0x0000000016a2c800 JavaThread "Service Thread" daemon [_thread_blocked, id=4532, stack(0x0000000018700000,0x0000000018800000)]
  0x00000000169f7000 JavaThread "C1 CompilerThread2" daemon [_thread_blocked, id=5848, stack(0x0000000018200000,0x0000000018300000)]
=>0x00000000169d9800 JavaThread "C2 CompilerThread1" daemon [_thread_in_native, id=2876, stack(0x0000000018100000,0x0000000018200000)]
  0x00000000169d3000 JavaThread "C2 CompilerThread0" daemon [_thread_in_native, id=6692, stack(0x0000000018000000,0x0000000018100000)]
  0x00000000169d0800 JavaThread "Attach Listener" daemon [_thread_blocked, id=5032, stack(0x0000000017f00000,0x0000000018000000)]
  0x00000000169d6800 JavaThread "Signal Dispatcher" daemon [_thread_blocked, id=7124, stack(0x0000000017e00000,0x0000000017f00000)]
  0x0000000001da9800 JavaThread "Finalizer" daemon [_thread_blocked, id=1596, stack(0x0000000017c20000,0x0000000017d20000)]
  0x0000000001da1000 JavaThread "Reference Handler" daemon [_thread_blocked, id=7416, stack(0x0000000017b20000,0x0000000017c20000)]
  0x0000000001cad800 JavaThread "main" [_thread_blocked, id=5076, stack(0x0000000001b30000,0x0000000001c30000)]

Other Threads:
  0x0000000016996000 VMThread [stack: 0x0000000017a20000,0x0000000017b20000] [id=4000]
  0x0000000016a2d000 WatcherThread [stack: 0x0000000018800000,0x0000000018900000] [id=7948]

VM state:not at safepoint (normal execution)

VM Mutex/Monitor currently owned by a thread: None

heap address: 0x0000000080000000, size: 2048 MB, Compressed Oops mode: 32-bit
Narrow klass base: 0x0000000000000000, Narrow klass shift: 3
Compressed class space size: 1073741824 Address: 0x0000000100000000

Heap:
 PSYoungGen      total 227328K, used 144118K [0x00000000d5580000, 0x00000000e6480000, 0x0000000100000000)
  eden space 202240K, 58% used [0x00000000d5580000,0x00000000dc9c1ed8,0x00000000e1b00000)
  from space 25088K, 99% used [0x00000000e3c00000,0x00000000e547bc18,0x00000000e5480000)
  to   space 33792K, 0% used [0x00000000e1b00000,0x00000000e1b00000,0x00000000e3c00000)
 ParOldGen       total 68608K, used 54073K [0x0000000080000000, 0x0000000084300000, 0x00000000d5580000)
  object space 68608K, 78% used [0x0000000080000000,0x00000000834ce7c8,0x0000000084300000)
 Metaspace       used 83029K, capacity 87154K, committed 87256K, reserved 1124352K
  class space    used 11182K, capacity 11973K, committed 12032K, reserved 1048576K

Card table byte_map: [0x0000000011170000,0x0000000011580000] byte_map_base: 0x0000000010d70000

Marking Bits: (ParMarkBitMap*) 0x000000006e3ff030
 Begin Bits: [0x0000000011c30000, 0x0000000013c30000)
 End Bits:   [0x0000000013c30000, 0x0000000015c30000)

Polling page: 0x0000000001c30000

CodeCache: size=245760Kb used=30265Kb max_used=30265Kb free=215494Kb
 bounds [0x0000000001db0000, 0x0000000003b60000, 0x0000000010db0000]
 total_blobs=10218 nmethods=9376 adapters=754
 compilation: enabled

Compilation events (10 events):
Event: 34.318 Thread 0x00000000169f7000 10686       1       com.google.common.collect.ImmutableCollection::internalArray (2 bytes)
Event: 34.318 Thread 0x00000000169f7000 nmethod 10686 0x0000000003b5bf90 code [0x0000000003b5c0e0, 0x0000000003b5c1f0]
Event: 34.318 Thread 0x00000000169f7000 10687       3       org.gradle.api.internal.file.CompositeFileCollection::getSourceCollections (22 bytes)
Event: 34.319 Thread 0x00000000169f7000 nmethod 10687 0x0000000003b5c250 code [0x0000000003b5c440, 0x0000000003b5cd38]
Event: 34.319 Thread 0x00000000169f7000 10688       3       org.gradle.api.internal.file.collections.DefaultFileCollectionResolveContext::<init> (21 bytes)
Event: 34.320 Thread 0x00000000169f7000 nmethod 10688 0x0000000003b5d350 code [0x0000000003b5d500, 0x0000000003b5dbb0]
Event: 34.320 Thread 0x00000000169f7000 10689       3       org.gradle.api.internal.file.collections.DefaultFileCollectionResolveContext::resolveAsFileCollections (9 bytes)
Event: 34.320 Thread 0x00000000169f7000 nmethod 10689 0x0000000003b5dfd0 code [0x0000000003b5e140, 0x0000000003b5e2c8]
Event: 34.362 Thread 0x00000000169f7000 10691       3       org.gradle.tooling.internal.adapter.ProtocolToModelAdapter$TypeSpecificMappingAction::restrictTo (19 bytes)
Event: 34.363 Thread 0x00000000169f7000 nmethod 10691 0x0000000003b5e850 code [0x0000000003b5e9c0, 0x0000000003b5ec88]

GC Heap History (10 events):
Event: 17.890 GC heap before
{Heap before GC invocations=17 (full 2):
 PSYoungGen      total 161280K, used 102329K [0x00000000d5580000, 0x00000000e0400000, 0x0000000100000000)
  eden space 147968K, 60% used [0x00000000d5580000,0x00000000dacb1810,0x00000000de600000)
  from space 13312K, 97% used [0x00000000df680000,0x00000000e033ccb0,0x00000000e0380000)
  to   space 15360K, 0% used [0x00000000de600000,0x00000000de600000,0x00000000df500000)
 ParOldGen       total 38400K, used 21227K [0x0000000080000000, 0x0000000082580000, 0x00000000d5580000)
  object space 38400K, 55% used [0x0000000080000000,0x00000000814bad98,0x0000000082580000)
 Metaspace       used 56635K, capacity 58912K, committed 59028K, reserved 1099776K
  class space    used 7444K, capacity 7878K, committed 7936K, reserved 1048576K
Event: 17.913 GC heap after
Heap after GC invocations=17 (full 2):
 PSYoungGen      total 163328K, used 11494K [0x00000000d5580000, 0x00000000e3000000, 0x0000000100000000)
  eden space 147968K, 0% used [0x00000000d5580000,0x00000000d5580000,0x00000000de600000)
  from space 15360K, 74% used [0x00000000de600000,0x00000000df1398e0,0x00000000df500000)
  to   space 16896K, 0% used [0x00000000e1f80000,0x00000000e1f80000,0x00000000e3000000)
 ParOldGen       total 38400K, used 26521K [0x0000000080000000, 0x0000000082580000, 0x00000000d5580000)
  object space 38400K, 69% used [0x0000000080000000,0x00000000819e67b0,0x0000000082580000)
 Metaspace       used 56635K, capacity 58912K, committed 59028K, reserved 1099776K
  class space    used 7444K, capacity 7878K, committed 7936K, reserved 1048576K
}
Event: 17.913 GC heap before
{Heap before GC invocations=18 (full 3):
 PSYoungGen      total 163328K, used 11494K [0x00000000d5580000, 0x00000000e3000000, 0x0000000100000000)
  eden space 147968K, 0% used [0x00000000d5580000,0x00000000d5580000,0x00000000de600000)
  from space 15360K, 74% used [0x00000000de600000,0x00000000df1398e0,0x00000000df500000)
  to   space 16896K, 0% used [0x00000000e1f80000,0x00000000e1f80000,0x00000000e3000000)
 ParOldGen       total 38400K, used 26521K [0x0000000080000000, 0x0000000082580000, 0x00000000d5580000)
  object space 38400K, 69% used [0x0000000080000000,0x00000000819e67b0,0x0000000082580000)
 Metaspace       used 56635K, capacity 58912K, committed 59028K, reserved 1099776K
  class space    used 7444K, capacity 7878K, committed 7936K, reserved 1048576K
Event: 18.289 GC heap after
Heap after GC invocations=18 (full 3):
 PSYoungGen      total 163328K, used 0K [0x00000000d5580000, 0x00000000e3000000, 0x0000000100000000)
  eden space 147968K, 0% used [0x00000000d5580000,0x00000000d5580000,0x00000000de600000)
  from space 15360K, 0% used [0x00000000de600000,0x00000000de600000,0x00000000df500000)
  to   space 16896K, 0% used [0x00000000e1f80000,0x00000000e1f80000,0x00000000e3000000)
 ParOldGen       total 68608K, used 36255K [0x0000000080000000, 0x0000000084300000, 0x00000000d5580000)
  object space 68608K, 52% used [0x0000000080000000,0x0000000082367dd8,0x0000000084300000)
 Metaspace       used 56607K, capacity 58834K, committed 59028K, reserved 1099776K
  class space    used 7435K, capacity 7863K, committed 7936K, reserved 1048576K
}
Event: 21.411 GC heap before
{Heap before GC invocations=19 (full 3):
 PSYoungGen      total 163328K, used 147968K [0x00000000d5580000, 0x00000000e3000000, 0x0000000100000000)
  eden space 147968K, 100% used [0x00000000d5580000,0x00000000de600000,0x00000000de600000)
  from space 15360K, 0% used [0x00000000de600000,0x00000000de600000,0x00000000df500000)
  to   space 16896K, 0% used [0x00000000e1f80000,0x00000000e1f80000,0x00000000e3000000)
 ParOldGen       total 68608K, used 36255K [0x0000000080000000, 0x0000000084300000, 0x00000000d5580000)
  object space 68608K, 52% used [0x0000000080000000,0x0000000082367dd8,0x0000000084300000)
 Metaspace       used 63832K, capacity 66438K, committed 66648K, reserved 1107968K
  class space    used 8547K, capacity 9076K, committed 9088K, reserved 1048576K
Event: 21.458 GC heap after
Heap after GC invocations=19 (full 3):
 PSYoungGen      total 199168K, used 15804K [0x00000000d5580000, 0x00000000e2f00000, 0x0000000100000000)
  eden space 183296K, 0% used [0x00000000d5580000,0x00000000d5580000,0x00000000e0880000)
  from space 15872K, 99% used [0x00000000e1f80000,0x00000000e2eef3d0,0x00000000e2f00000)
  to   space 19456K, 0% used [0x00000000e0900000,0x00000000e0900000,0x00000000e1c00000)
 ParOldGen       total 68608K, used 36263K [0x0000000080000000, 0x0000000084300000, 0x00000000d5580000)
  object space 68608K, 52% used [0x0000000080000000,0x0000000082369dd8,0x0000000084300000)
 Metaspace       used 63832K, capacity 66438K, committed 66648K, reserved 1107968K
  class space    used 8547K, capacity 9076K, committed 9088K, reserved 1048576K
}
Event: 27.222 GC heap before
{Heap before GC invocations=20 (full 3):
 PSYoungGen      total 199168K, used 199100K [0x00000000d5580000, 0x00000000e2f00000, 0x0000000100000000)
  eden space 183296K, 100% used [0x00000000d5580000,0x00000000e0880000,0x00000000e0880000)
  from space 15872K, 99% used [0x00000000e1f80000,0x00000000e2eef3d0,0x00000000e2f00000)
  to   space 19456K, 0% used [0x00000000e0900000,0x00000000e0900000,0x00000000e1c00000)
 ParOldGen       total 68608K, used 36263K [0x0000000080000000, 0x0000000084300000, 0x00000000d5580000)
  object space 68608K, 52% used [0x0000000080000000,0x0000000082369dd8,0x0000000084300000)
 Metaspace       used 73955K, capacity 77032K, committed 77272K, reserved 1116160K
  class space    used 10044K, capacity 10693K, committed 10752K, reserved 1048576K
Event: 27.310 GC heap after
Heap after GC invocations=20 (full 3):
 PSYoungGen      total 203264K, used 19455K [0x00000000d5580000, 0x00000000e5480000, 0x0000000100000000)
  eden space 183808K, 0% used [0x00000000d5580000,0x00000000d5580000,0x00000000e0900000)
  from space 19456K, 99% used [0x00000000e0900000,0x00000000e1bfff80,0x00000000e1c00000)
  to   space 25088K, 0% used [0x00000000e3c00000,0x00000000e3c00000,0x00000000e5480000)
 ParOldGen       total 68608K, used 42623K [0x0000000080000000, 0x0000000084300000, 0x00000000d5580000)
  object space 68608K, 62% used [0x0000000080000000,0x000000008299ffd0,0x0000000084300000)
 Metaspace       used 73955K, capacity 77032K, committed 77272K, reserved 1116160K
  class space    used 10044K, capacity 10693K, committed 10752K, reserved 1048576K
}
Event: 32.269 GC heap before
{Heap before GC invocations=21 (full 3):
 PSYoungGen      total 203264K, used 203263K [0x00000000d5580000, 0x00000000e5480000, 0x0000000100000000)
  eden space 183808K, 100% used [0x00000000d5580000,0x00000000e0900000,0x00000000e0900000)
  from space 19456K, 99% used [0x00000000e0900000,0x00000000e1bfff80,0x00000000e1c00000)
  to   space 25088K, 0% used [0x00000000e3c00000,0x00000000e3c00000,0x00000000e5480000)
 ParOldGen       total 68608K, used 42623K [0x0000000080000000, 0x0000000084300000, 0x00000000d5580000)
  object space 68608K, 62% used [0x0000000080000000,0x000000008299ffd0,0x0000000084300000)
 Metaspace       used 80386K, capacity 84018K, committed 84312K, reserved 1122304K
  class space    used 10844K, capacity 11589K, committed 11648K, reserved 1048576K
Event: 32.335 GC heap after
Heap after GC invocations=21 (full 3):
 PSYoungGen      total 227328K, used 25071K [0x00000000d5580000, 0x00000000e6480000, 0x0000000100000000)
  eden space 202240K, 0% used [0x00000000d5580000,0x00000000d5580000,0x00000000e1b00000)
  from space 25088K, 99% used [0x00000000e3c00000,0x00000000e547bc18,0x00000000e5480000)
  to   space 33792K, 0% used [0x00000000e1b00000,0x00000000e1b00000,0x00000000e3c00000)
 ParOldGen       total 68608K, used 54073K [0x0000000080000000, 0x0000000084300000, 0x00000000d5580000)
  object space 68608K, 78% used [0x0000000080000000,0x00000000834ce7c8,0x0000000084300000)
 Metaspace       used 80386K, capacity 84018K, committed 84312K, reserved 1122304K
  class space    used 10844K, capacity 11589K, committed 11648K, reserved 1048576K
}

Deoptimization events (10 events):
Event: 34.125 Thread 0x000000001a542000 Uncommon trap: reason=class_check action=maybe_recompile pc=0x00000000038e792c method=java.util.Collections$UnmodifiableList.get(I)Ljava/lang/Object; @ 5
Event: 34.125 Thread 0x000000001a542000 Uncommon trap: reason=class_check action=maybe_recompile pc=0x00000000038e792c method=java.util.Collections$UnmodifiableList.get(I)Ljava/lang/Object; @ 5
Event: 34.142 Thread 0x000000001a542000 Uncommon trap: reason=class_check action=maybe_recompile pc=0x0000000002e30df4 method=org.codehaus.groovy.reflection.ParameterTypes.getParametersTypes0()V @ 16
Event: 34.234 Thread 0x000000001a542000 Uncommon trap: reason=class_check action=maybe_recompile pc=0x0000000002bd7080 method=java.lang.Throwable.<init>(Ljava/lang/String;Ljava/lang/Throwable;)V @ 24
Event: 34.234 Thread 0x000000001a542000 Uncommon trap: reason=class_check action=maybe_recompile pc=0x0000000002bd7080 method=java.lang.Throwable.<init>(Ljava/lang/String;Ljava/lang/Throwable;)V @ 24
Event: 34.267 Thread 0x000000001a542000 Uncommon trap: reason=class_check action=maybe_recompile pc=0x0000000003aaf10c method=java.util.stream.Collectors.lambda$toMap$58(Ljava/util/function/Function;Ljava/util/function/Function;Ljava/util/function/BinaryOperator;Ljava/util/Map;Ljava/lang/Object
Event: 34.267 Thread 0x000000001a542000 Uncommon trap: reason=class_check action=maybe_recompile pc=0x0000000003aaf10c method=java.util.stream.Collectors.lambda$toMap$58(Ljava/util/function/Function;Ljava/util/function/Function;Ljava/util/function/BinaryOperator;Ljava/util/Map;Ljava/lang/Object
Event: 34.267 Thread 0x000000001a542000 Uncommon trap: reason=class_check action=maybe_recompile pc=0x0000000003aaf10c method=java.util.stream.Collectors.lambda$toMap$58(Ljava/util/function/Function;Ljava/util/function/Function;Ljava/util/function/BinaryOperator;Ljava/util/Map;Ljava/lang/Object
Event: 34.267 Thread 0x000000001a542000 Uncommon trap: reason=class_check action=maybe_recompile pc=0x0000000003aaf10c method=java.util.stream.Collectors.lambda$toMap$58(Ljava/util/function/Function;Ljava/util/function/Function;Ljava/util/function/BinaryOperator;Ljava/util/Map;Ljava/lang/Object
Event: 34.323 Thread 0x000000001a542000 Uncommon trap: reason=bimorphic action=maybe_recompile pc=0x0000000003afbd04 method=java.util.Comparator.lambda$thenComparing$36697e65$1(Ljava/util/Comparator;Ljava/lang/Object;Ljava/lang/Object;)I @ 3

Classes redefined (0 events):
No events

Internal exceptions (10 events):
Event: 34.152 Thread 0x000000001a542000 Exception <a 'java/lang/ClassNotFoundException': org/gradle/api/tasks/testing/TestBeanInfo> (0x00000000dbafa8a0) thrown at [C:\src\AOSP-openjdk-git\hotspot\src\share\vm\classfile\systemDictionary.cpp, line 210]
Event: 34.153 Thread 0x000000001a542000 Exception <a 'java/lang/ClassNotFoundException': org/gradle/api/tasks/testing/AbstractTestTaskBeanInfo> (0x00000000dbb25908) thrown at [C:\src\AOSP-openjdk-git\hotspot\src\share\vm\classfile\systemDictionary.cpp, line 210]
Event: 34.154 Thread 0x000000001a542000 Exception <a 'java/lang/ClassNotFoundException': org/gradle/api/tasks/testing/AbstractTestTaskCustomizer> (0x00000000dbb51470) thrown at [C:\src\AOSP-openjdk-git\hotspot\src\share\vm\classfile\systemDictionary.cpp, line 210]
Event: 34.157 Thread 0x000000001a542000 Exception <a 'java/lang/ClassNotFoundException': org/gradle/api/tasks/testing/TestCustomizer> (0x00000000dbba4d10) thrown at [C:\src\AOSP-openjdk-git\hotspot\src\share\vm\classfile\systemDictionary.cpp, line 210]
Event: 34.167 Thread 0x000000001a542000 Exception <a 'java/lang/ClassNotFoundException': com/android/build/gradle/tasks/factory/AndroidUnitTestCustomizer> (0x00000000dbca6fd0) thrown at [C:\src\AOSP-openjdk-git\hotspot\src\share\vm\classfile\systemDictionary.cpp, line 210]
Event: 34.169 Thread 0x000000001a542000 Exception <a 'java/lang/ClassNotFoundException': com/android/build/gradle/tasks/factory/AndroidUnitTest_DecoratedCustomizer> (0x00000000dbcefd30) thrown at [C:\src\AOSP-openjdk-git\hotspot\src\share\vm\classfile\systemDictionary.cpp, line 210]
Event: 34.192 Thread 0x000000001a542000 Exception <a 'java/lang/ClassNotFoundException': org/gradle/api/internal/tasks/DefaultSourceSetContainer_DecoratedBeanInfo> (0x00000000dc03fd88) thrown at [C:\src\AOSP-openjdk-git\hotspot\src\share\vm\classfile\systemDictionary.cpp, line 210]
Event: 34.193 Thread 0x000000001a542000 Exception <a 'java/lang/ClassNotFoundException': org/gradle/api/internal/tasks/DefaultSourceSetContainerBeanInfo> (0x00000000dc06edd8) thrown at [C:\src\AOSP-openjdk-git\hotspot\src\share\vm\classfile\systemDictionary.cpp, line 210]
Event: 34.195 Thread 0x000000001a542000 Exception <a 'java/lang/ClassNotFoundException': org/gradle/api/internal/tasks/DefaultSourceSetContainerCustomizer> (0x00000000dc09e960) thrown at [C:\src\AOSP-openjdk-git\hotspot\src\share\vm\classfile\systemDictionary.cpp, line 210]
Event: 34.198 Thread 0x000000001a542000 Exception <a 'java/lang/ClassNotFoundException': org/gradle/api/internal/tasks/DefaultSourceSetContainer_DecoratedCustomizer> (0x00000000dc0e2090) thrown at [C:\src\AOSP-openjdk-git\hotspot\src\share\vm\classfile\systemDictionary.cpp, line 210]

Events (10 events):
Event: 34.379 loading class com/android/tools/idea/gradle/project/sync/idea/svs/VariantGroup
Event: 34.379 loading class com/android/tools/idea/gradle/project/sync/idea/svs/VariantGroup done
Event: 34.380 loading class com/android/tools/idea/gradle/project/sync/idea/svs/SelectedVariantChooserKt
Event: 34.380 loading class com/android/tools/idea/gradle/project/sync/idea/svs/SelectedVariantChooserKt done
Event: 34.383 loading class com/android/tools/idea/gradle/project/sync/Modules
Event: 34.383 loading class com/android/tools/idea/gradle/project/sync/Modules done
Event: 34.384 loading class com/android/utils/FileUtils
Event: 34.384 loading class com/android/utils/FileUtils done
Event: 34.391 loading class com/google/common/base/Joiner
Event: 34.391 loading class com/google/common/base/Joiner done


Dynamic libraries:
0x00007ff69ceb0000 - 0x00007ff69cee1000 	D:\Programm\Android\Android Studio\jre\bin\java.exe
0x00007ffe65290000 - 0x00007ffe6543d000 	C:\Windows\SYSTEM32\ntdll.dll
0x00007ffe62b10000 - 0x00007ffe62c4f000 	C:\Windows\system32\KERNEL32.DLL
0x00007ffe45360000 - 0x00007ffe45376000 	C:\Program Files\Avast Software\Avast\aswhook.dll
0x00007ffe626f0000 - 0x00007ffe62806000 	C:\Windows\system32\KERNELBASE.dll
0x00007ffe64ea0000 - 0x00007ffe64f4a000 	C:\Windows\system32\ADVAPI32.dll
0x00007ffe64f50000 - 0x00007ffe650c7000 	C:\Windows\system32\USER32.dll
0x00007ffe5fa40000 - 0x00007ffe5fcbb000 	C:\Windows\WinSxS\amd64_microsoft.windows.common-controls_6595b64144ccf1df_6.0.9600.19394_none_62486577ecb635cf\COMCTL32.dll
0x00007ffe63740000 - 0x00007ffe637ea000 	C:\Windows\system32\msvcrt.dll
0x00007ffe62fc0000 - 0x00007ffe63019000 	C:\Windows\SYSTEM32\sechost.dll
0x00007ffe63130000 - 0x00007ffe63270000 	C:\Windows\system32\RPCRT4.dll
0x00007ffe62c60000 - 0x00007ffe62dac000 	C:\Windows\system32\GDI32.dll
0x00007ffe62670000 - 0x00007ffe6269e000 	C:\Windows\system32\SspiCli.dll
0x00007ffe630f0000 - 0x00007ffe63126000 	C:\Windows\system32\IMM32.DLL
0x00007ffe637f0000 - 0x00007ffe63942000 	C:\Windows\system32\MSCTF.dll
0x000000006db50000 - 0x000000006dc22000 	D:\Programm\Android\Android Studio\jre\jre\bin\msvcr100.dll
0x000000006dc30000 - 0x000000006e47b000 	D:\Programm\Android\Android Studio\jre\jre\bin\server\jvm.dll
0x00007ffe5b910000 - 0x00007ffe5b919000 	C:\Windows\SYSTEM32\WSOCK32.dll
0x00007ffe53720000 - 0x00007ffe53742000 	C:\Windows\SYSTEM32\WINMM.dll
0x00007ffe5ff70000 - 0x00007ffe5ff7a000 	C:\Windows\SYSTEM32\VERSION.dll
0x00007ffe63960000 - 0x00007ffe63967000 	C:\Windows\system32\PSAPI.DLL
0x00007ffe63020000 - 0x00007ffe6307a000 	C:\Windows\system32\WS2_32.dll
0x00007ffe536f0000 - 0x00007ffe5371a000 	C:\Windows\SYSTEM32\WINMMBASE.dll
0x00007ffe62fb0000 - 0x00007ffe62fb9000 	C:\Windows\system32\NSI.dll
0x00007ffe626a0000 - 0x00007ffe626ef000 	C:\Windows\SYSTEM32\cfgmgr32.dll
0x00007ffe611d0000 - 0x00007ffe611f8000 	C:\Windows\SYSTEM32\DEVOBJ.dll
0x00007ffe603c0000 - 0x00007ffe603cf000 	D:\Programm\Android\Android Studio\jre\jre\bin\verify.dll
0x00007ffe5dbb0000 - 0x00007ffe5dbd9000 	D:\Programm\Android\Android Studio\jre\jre\bin\java.dll
0x00007ffe5cc50000 - 0x00007ffe5cc66000 	D:\Programm\Android\Android Studio\jre\jre\bin\zip.dll
0x00007ffe63970000 - 0x00007ffe64e9b000 	C:\Windows\system32\SHELL32.dll
0x00007ffe63270000 - 0x00007ffe63480000 	C:\Windows\SYSTEM32\combase.dll
0x00007ffe62920000 - 0x00007ffe62974000 	C:\Windows\system32\SHLWAPI.dll
0x00007ffe607a0000 - 0x00007ffe60852000 	C:\Windows\SYSTEM32\SHCORE.dll
0x00007ffe623c0000 - 0x00007ffe623d5000 	C:\Windows\SYSTEM32\profapi.dll
0x00007ffe57ed0000 - 0x00007ffe57eea000 	D:\Programm\Android\Android Studio\jre\jre\bin\net.dll
0x00007ffe61bf0000 - 0x00007ffe61c49000 	C:\Windows\system32\mswsock.dll
0x00007ffe57eb0000 - 0x00007ffe57ec3000 	D:\Programm\Android\Android Studio\jre\jre\bin\nio.dll
0x00007ffe56b90000 - 0x00007ffe56bb7000 	C:\Users\qwert\.gradle\native\f6784746aeab05261644944871eae4fe03e0ef1612fff0a4a95f87b438bc6780\windows-amd64\native-platform.dll
0x00007ffe5cb50000 - 0x00007ffe5cb5d000 	D:\Programm\Android\Android Studio\jre\jre\bin\management.dll
0x00007ffe61c50000 - 0x00007ffe61c70000 	C:\Windows\SYSTEM32\CRYPTSP.dll
0x00007ffe61870000 - 0x00007ffe618a6000 	C:\Windows\system32\rsaenh.dll
0x00007ffe61ea0000 - 0x00007ffe61ec6000 	C:\Windows\SYSTEM32\bcrypt.dll
0x00007ffe61980000 - 0x00007ffe619a1000 	C:\Windows\SYSTEM32\USERENV.dll
0x00007ffe621c0000 - 0x00007ffe62223000 	C:\Windows\system32\bcryptprimitives.dll
0x00007ffe62230000 - 0x00007ffe6223b000 	C:\Windows\SYSTEM32\CRYPTBASE.dll
0x00007ffe5ca60000 - 0x00007ffe5ca8a000 	C:\Windows\SYSTEM32\IPHLPAPI.DLL
0x00007ffe5ca50000 - 0x00007ffe5ca5a000 	C:\Windows\SYSTEM32\WINNSI.DLL
0x00007ffe5c550000 - 0x00007ffe5c566000 	C:\Windows\SYSTEM32\dhcpcsvc6.DLL
0x00007ffe5c7a0000 - 0x00007ffe5c7ba000 	C:\Windows\SYSTEM32\dhcpcsvc.DLL

VM Arguments:
jvm_args: -Xmx2048m -Dfile.encoding=UTF-8 -Duser.country=RU -Duser.language=ru -Duser.variant 
java_command: org.gradle.launcher.daemon.bootstrap.GradleDaemon 6.5
java_class_path (initial): C:\Users\qwert\.gradle\wrapper\dists\gradle-6.5-bin\6nifqtx7604sqp1q6g8wikw7p\gradle-6.5\lib\gradle-launcher-6.5.jar
Launcher Type: SUN_STANDARD

Environment Variables:
PATH=C:\Windows\system32;C:\Windows;C:\Windows\System32\Wbem;C:\Windows\System32\WindowsPowerShell\v1.0\;D:\Git\cmd;C:\Users\qwert\AppData\Local\Programs\Python\Python310\Scripts\;C:\Users\qwert\AppData\Local\Programs\Python\Python310\
USERNAME=qwert
OS=Windows_NT
PROCESSOR_IDENTIFIER=Intel64 Family 6 Model 58 Stepping 9, GenuineIntel



---------------  S Y S T E M  ---------------

OS: Windows 8.1 , 64 bit Build 9600 (6.3.9600.19538)

CPU:total 4 (initial active 4) (2 cores per cpu, 2 threads per core) family 6 model 58 stepping 9, cmov, cx8, fxsr, mmx, sse, sse2, sse3, ssse3, sse4.1, sse4.2, popcnt, avx, clmul, erms, ht, tsc, tscinvbit, tscinv

Memory: 4k page, physical 1911144k(126092k free), swap 7678312k(5132k free)

vm_info: OpenJDK 64-Bit Server VM (25.242-b01) for windows-amd64 JRE (1.8.0_242-release-1644-b01), built by "builder" with MS VC++ 10.0 (VS2010)

time: Sun Nov 21 14:56:41 2021
timezone: Западная Азия (зима)
elapsed time: 34 seconds (0d 0h 0m 34s)

