#
# There is insufficient memory for the Java Runtime Environment to continue.
# Native memory allocation (malloc) failed to allocate 978016 bytes for Chunk::new
# Possible reasons:
#   The system is out of physical RAM or swap space
#   The process is running with CompressedOops enabled, and the Java Heap may be blocking the growth of the native heap
# Possible solutions:
#   Reduce memory load on the system
#   Increase physical memory or swap space
#   Check if swap backing store is full
#   Decrease Java heap size (-Xmx/-Xms)
#   Decrease number of Java threads
#   Decrease Java thread stack sizes (-Xss)
#   Set larger code cache with -XX:ReservedCodeCacheSize=
#   JVM is running with Unscaled Compressed Oops mode in which the Java heap is
#     placed in the first 4GB address space. The Java Heap base address is the
#     maximum limit for the native heap growth. Please use -XX:HeapBaseMinAddress
#     to set the Java Heap base and to place the Java Heap above 4GB virtual address.
# This output file may be truncated or incomplete.
#
#  Out of Memory Error (allocation.cpp:389), pid=7364, tid=0x0000000000000a44
#
# JRE version: OpenJDK Runtime Environment (8.0_242-b01) (build 1.8.0_242-release-1644-b01)
# Java VM: OpenJDK 64-Bit Server VM (25.242-b01 mixed mode windows-amd64 compressed oops)
# Failed to write core dump. Minidumps are not enabled by default on client versions of Windows
#

---------------  T H R E A D  ---------------

Current thread (0x00000000133eb800):  JavaThread "C2 CompilerThread1" daemon [_thread_in_native, id=2628, stack(0x0000000014b10000,0x0000000014c10000)]

Stack: [0x0000000014b10000,0x0000000014c10000]
[error occurred during error reporting (printing stack bounds), id 0xc0000005]

Native frames: (J=compiled Java code, j=interpreted, Vv=VM code, C=native code)


Current CompileTask:
C2:  19793 9077       4       com.sun.tools.javac.util.Convert::quote (42 bytes)


---------------  P R O C E S S  ---------------

Java Threads: ( => current thread )
  0x000000001343c800 JavaThread "Service Thread" daemon [_thread_blocked, id=1704, stack(0x0000000015110000,0x0000000015210000)]
  0x00000000133f2800 JavaThread "C1 CompilerThread2" daemon [_thread_blocked, id=6232, stack(0x0000000014c10000,0x0000000014d10000)]
=>0x00000000133eb800 JavaThread "C2 CompilerThread1" daemon [_thread_in_native, id=2628, stack(0x0000000014b10000,0x0000000014c10000)]
  0x00000000133e8800 JavaThread "C2 CompilerThread0" daemon [_thread_in_native, id=5512, stack(0x0000000014a10000,0x0000000014b10000)]
  0x00000000133e6000 JavaThread "Attach Listener" daemon [_thread_blocked, id=5792, stack(0x0000000014910000,0x0000000014a10000)]
  0x00000000133e4800 JavaThread "Signal Dispatcher" daemon [_thread_blocked, id=4044, stack(0x0000000014810000,0x0000000014910000)]
  0x00000000021fc000 JavaThread "Finalizer" daemon [_thread_blocked, id=864, stack(0x0000000014630000,0x0000000014730000)]
  0x00000000021f3000 JavaThread "Reference Handler" daemon [_thread_blocked, id=3244, stack(0x0000000014530000,0x0000000014630000)]
  0x0000000001fae000 JavaThread "main" [_thread_in_native, id=3468, stack(0x0000000002000000,0x0000000002100000)]

Other Threads:
  0x00000000133a6800 VMThread [stack: 0x0000000014430000,0x0000000014530000] [id=2724]
  0x0000000014d3d000 WatcherThread [stack: 0x0000000015210000,0x0000000015310000] [id=5072]

VM state:not at safepoint (normal execution)

VM Mutex/Monitor currently owned by a thread: None

heap address: 0x00000000e2c00000, size: 468 MB, Compressed Oops mode: 32-bit
Narrow klass base: 0x0000000000000000, Narrow klass shift: 3
Compressed class space size: 1073741824 Address: 0x0000000100000000

Heap:
 PSYoungGen      total 109056K, used 33947K [0x00000000f6400000, 0x00000000fff00000, 0x0000000100000000)
  eden space 74240K, 45% used [0x00000000f6400000,0x00000000f8526c10,0x00000000fac80000)
  from space 34816K, 0% used [0x00000000fac80000,0x00000000fac80000,0x00000000fce80000)
  to   space 33792K, 0% used [0x00000000fde00000,0x00000000fde00000,0x00000000fff00000)
 ParOldGen       total 66560K, used 59418K [0x00000000e2c00000, 0x00000000e6d00000, 0x00000000f6400000)
  object space 66560K, 89% used [0x00000000e2c00000,0x00000000e6606a28,0x00000000e6d00000)
 Metaspace       used 61421K, capacity 62628K, committed 62740K, reserved 1103872K
  class space    used 7179K, capacity 7480K, committed 7484K, reserved 1048576K

Card table byte_map: [0x00000000115c0000,0x00000000116b0000] byte_map_base: 0x0000000010eaa000

Marking Bits: (ParMarkBitMap*) 0x0000000058ebf030
 Begin Bits: [0x0000000011ab0000, 0x0000000012200000)
 End Bits:   [0x0000000012200000, 0x0000000012950000)

Polling page: 0x0000000001eb0000

CodeCache: size=245760Kb used=32085Kb max_used=32085Kb free=213674Kb
 bounds [0x0000000002200000, 0x0000000004170000, 0x0000000011200000]
 total_blobs=8651 nmethods=8094 adapters=467
 compilation: enabled

Compilation events (10 events):
Event: 19.714 Thread 0x00000000133f2800 9108       3       org.jetbrains.org.objectweb.asm.AnnotationWriter::computeAnnotationsSize (42 bytes)
Event: 19.715 Thread 0x00000000133f2800 nmethod 9108 0x000000000416b0d0 code [0x000000000416b240, 0x000000000416b568]
Event: 19.736 Thread 0x00000000133f2800 9110       1       org.jetbrains.org.objectweb.asm.tree.InsnList::size (5 bytes)
Event: 19.737 Thread 0x00000000133f2800 nmethod 9110 0x000000000416b6d0 code [0x000000000416b820, 0x000000000416b930]
Event: 19.737 Thread 0x00000000133f2800 9111       1       org.jetbrains.org.objectweb.asm.MethodWriter::hasAsmInstructions (5 bytes)
Event: 19.737 Thread 0x00000000133f2800 nmethod 9111 0x000000000416b990 code [0x000000000416bae0, 0x000000000416bbf0]
Event: 19.751 Thread 0x00000000133f2800 9112       3       org.jetbrains.org.objectweb.asm.ByteVector::putByteArray (49 bytes)
Event: 19.765 Thread 0x00000000133f2800 nmethod 9112 0x000000000416bc50 code [0x000000000416bdc0, 0x000000000416c0f8]
Event: 19.782 Thread 0x00000000133f2800 9113       3       org.jetbrains.org.objectweb.asm.AnnotationWriter::putAnnotations (67 bytes)
Event: 19.783 Thread 0x00000000133f2800 nmethod 9113 0x000000000416c210 code [0x000000000416c400, 0x000000000416cc58]

GC Heap History (10 events):
Event: 10.388 GC heap before
{Heap before GC invocations=14 (full 2):
 PSYoungGen      total 75776K, used 69760K [0x00000000f6400000, 0x00000000fd080000, 0x0000000100000000)
  eden space 55296K, 100% used [0x00000000f6400000,0x00000000f9a00000,0x00000000f9a00000)
  from space 20480K, 70% used [0x00000000f9a00000,0x00000000fa820228,0x00000000fae00000)
  to   space 21504K, 0% used [0x00000000fbb80000,0x00000000fbb80000,0x00000000fd080000)
 ParOldGen       total 66560K, used 36169K [0x00000000e2c00000, 0x00000000e6d00000, 0x00000000f6400000)
  object space 66560K, 54% used [0x00000000e2c00000,0x00000000e4f52578,0x00000000e6d00000)
 Metaspace       used 45806K, capacity 46542K, committed 46936K, reserved 1091584K
  class space    used 5479K, capacity 5705K, committed 5760K, reserved 1048576K
Event: 10.420 GC heap after
Heap after GC invocations=14 (full 2):
 PSYoungGen      total 87552K, used 18120K [0x00000000f6400000, 0x00000000fd400000, 0x0000000100000000)
  eden space 66048K, 0% used [0x00000000f6400000,0x00000000f6400000,0x00000000fa480000)
  from space 21504K, 84% used [0x00000000fbb80000,0x00000000fcd32348,0x00000000fd080000)
  to   space 23552K, 0% used [0x00000000fa480000,0x00000000fa480000,0x00000000fbb80000)
 ParOldGen       total 66560K, used 36177K [0x00000000e2c00000, 0x00000000e6d00000, 0x00000000f6400000)
  object space 66560K, 54% used [0x00000000e2c00000,0x00000000e4f54578,0x00000000e6d00000)
 Metaspace       used 45806K, capacity 46542K, committed 46936K, reserved 1091584K
  class space    used 5479K, capacity 5705K, committed 5760K, reserved 1048576K
}
Event: 12.742 GC heap before
{Heap before GC invocations=15 (full 2):
 PSYoungGen      total 87552K, used 84168K [0x00000000f6400000, 0x00000000fd400000, 0x0000000100000000)
  eden space 66048K, 100% used [0x00000000f6400000,0x00000000fa480000,0x00000000fa480000)
  from space 21504K, 84% used [0x00000000fbb80000,0x00000000fcd32348,0x00000000fd080000)
  to   space 23552K, 0% used [0x00000000fa480000,0x00000000fa480000,0x00000000fbb80000)
 ParOldGen       total 66560K, used 36177K [0x00000000e2c00000, 0x00000000e6d00000, 0x00000000f6400000)
  object space 66560K, 54% used [0x00000000e2c00000,0x00000000e4f54578,0x00000000e6d00000)
 Metaspace       used 49086K, capacity 49978K, committed 50392K, reserved 1093632K
  class space    used 5817K, capacity 6085K, committed 6144K, reserved 1048576K
Event: 12.794 GC heap after
Heap after GC invocations=15 (full 2):
 PSYoungGen      total 89600K, used 23528K [0x00000000f6400000, 0x00000000fea00000, 0x0000000100000000)
  eden space 66048K, 0% used [0x00000000f6400000,0x00000000f6400000,0x00000000fa480000)
  from space 23552K, 99% used [0x00000000fa480000,0x00000000fbb7a310,0x00000000fbb80000)
  to   space 28160K, 0% used [0x00000000fce80000,0x00000000fce80000,0x00000000fea00000)
 ParOldGen       total 66560K, used 38282K [0x00000000e2c00000, 0x00000000e6d00000, 0x00000000f6400000)
  object space 66560K, 57% used [0x00000000e2c00000,0x00000000e5162890,0x00000000e6d00000)
 Metaspace       used 49086K, capacity 49978K, committed 50392K, reserved 1093632K
  class space    used 5817K, capacity 6085K, committed 6144K, reserved 1048576K
}
Event: 16.242 GC heap before
{Heap before GC invocations=16 (full 2):
 PSYoungGen      total 89600K, used 89576K [0x00000000f6400000, 0x00000000fea00000, 0x0000000100000000)
  eden space 66048K, 100% used [0x00000000f6400000,0x00000000fa480000,0x00000000fa480000)
  from space 23552K, 99% used [0x00000000fa480000,0x00000000fbb7a310,0x00000000fbb80000)
  to   space 28160K, 0% used [0x00000000fce80000,0x00000000fce80000,0x00000000fea00000)
 ParOldGen       total 66560K, used 38282K [0x00000000e2c00000, 0x00000000e6d00000, 0x00000000f6400000)
  object space 66560K, 57% used [0x00000000e2c00000,0x00000000e5162890,0x00000000e6d00000)
 Metaspace       used 56212K, capacity 57372K, committed 57688K, reserved 1099776K
  class space    used 6631K, capacity 6930K, committed 7040K, reserved 1048576K
Event: 16.301 GC heap after
Heap after GC invocations=16 (full 2):
 PSYoungGen      total 102400K, used 28145K [0x00000000f6400000, 0x00000000ff680000, 0x0000000100000000)
  eden space 74240K, 0% used [0x00000000f6400000,0x00000000f6400000,0x00000000fac80000)
  from space 28160K, 99% used [0x00000000fce80000,0x00000000fe9fc548,0x00000000fea00000)
  to   space 34816K, 0% used [0x00000000fac80000,0x00000000fac80000,0x00000000fce80000)
 ParOldGen       total 66560K, used 43712K [0x00000000e2c00000, 0x00000000e6d00000, 0x00000000f6400000)
  object space 66560K, 65% used [0x00000000e2c00000,0x00000000e56b0058,0x00000000e6d00000)
 Metaspace       used 56212K, capacity 57372K, committed 57688K, reserved 1099776K
  class space    used 6631K, capacity 6930K, committed 7040K, reserved 1048576K
}
Event: 17.693 GC heap before
{Heap before GC invocations=17 (full 2):
 PSYoungGen      total 102400K, used 47610K [0x00000000f6400000, 0x00000000ff680000, 0x0000000100000000)
  eden space 74240K, 26% used [0x00000000f6400000,0x00000000f77023d0,0x00000000fac80000)
  from space 28160K, 99% used [0x00000000fce80000,0x00000000fe9fc548,0x00000000fea00000)
  to   space 34816K, 0% used [0x00000000fac80000,0x00000000fac80000,0x00000000fce80000)
 ParOldGen       total 66560K, used 43712K [0x00000000e2c00000, 0x00000000e6d00000, 0x00000000f6400000)
  object space 66560K, 65% used [0x00000000e2c00000,0x00000000e56b0058,0x00000000e6d00000)
 Metaspace       used 57679K, capacity 58868K, committed 59028K, reserved 1101824K
  class space    used 6743K, capacity 7062K, committed 7100K, reserved 1048576K
Event: 17.739 GC heap after
Heap after GC invocations=17 (full 2):
 PSYoungGen      total 109056K, used 16168K [0x00000000f6400000, 0x00000000fff00000, 0x0000000100000000)
  eden space 74240K, 0% used [0x00000000f6400000,0x00000000f6400000,0x00000000fac80000)
  from space 34816K, 46% used [0x00000000fac80000,0x00000000fbc4a080,0x00000000fce80000)
  to   space 33792K, 0% used [0x00000000fde00000,0x00000000fde00000,0x00000000fff00000)
 ParOldGen       total 66560K, used 56548K [0x00000000e2c00000, 0x00000000e6d00000, 0x00000000f6400000)
  object space 66560K, 84% used [0x00000000e2c00000,0x00000000e63392d0,0x00000000e6d00000)
 Metaspace       used 57679K, capacity 58868K, committed 59028K, reserved 1101824K
  class space    used 6743K, capacity 7062K, committed 7100K, reserved 1048576K
}
Event: 17.739 GC heap before
{Heap before GC invocations=18 (full 3):
 PSYoungGen      total 109056K, used 16168K [0x00000000f6400000, 0x00000000fff00000, 0x0000000100000000)
  eden space 74240K, 0% used [0x00000000f6400000,0x00000000f6400000,0x00000000fac80000)
  from space 34816K, 46% used [0x00000000fac80000,0x00000000fbc4a080,0x00000000fce80000)
  to   space 33792K, 0% used [0x00000000fde00000,0x00000000fde00000,0x00000000fff00000)
 ParOldGen       total 66560K, used 56548K [0x00000000e2c00000, 0x00000000e6d00000, 0x00000000f6400000)
  object space 66560K, 84% used [0x00000000e2c00000,0x00000000e63392d0,0x00000000e6d00000)
 Metaspace       used 57679K, capacity 58868K, committed 59028K, reserved 1101824K
  class space    used 6743K, capacity 7062K, committed 7100K, reserved 1048576K
Event: 18.096 GC heap after
Heap after GC invocations=18 (full 3):
 PSYoungGen      total 109056K, used 0K [0x00000000f6400000, 0x00000000fff00000, 0x0000000100000000)
  eden space 74240K, 0% used [0x00000000f6400000,0x00000000f6400000,0x00000000fac80000)
  from space 34816K, 0% used [0x00000000fac80000,0x00000000fac80000,0x00000000fce80000)
  to   space 33792K, 0% used [0x00000000fde00000,0x00000000fde00000,0x00000000fff00000)
 ParOldGen       total 66560K, used 59418K [0x00000000e2c00000, 0x00000000e6d00000, 0x00000000f6400000)
  object space 66560K, 89% used [0x00000000e2c00000,0x00000000e6606a28,0x00000000e6d00000)
 Metaspace       used 57679K, capacity 58868K, committed 59028K, reserved 1101824K
  class space    used 6743K, capacity 7062K, committed 7100K, reserved 1048576K
}

Deoptimization events (10 events):
Event: 18.599 Thread 0x0000000001fae000 Uncommon trap: reason=class_check action=maybe_recompile pc=0x0000000002aa58cc method=java.util.regex.Matcher.match(II)Z @ 86
Event: 18.599 Thread 0x0000000001fae000 Uncommon trap: reason=class_check action=maybe_recompile pc=0x0000000002aa58cc method=java.util.regex.Matcher.match(II)Z @ 86
Event: 18.599 Thread 0x0000000001fae000 Uncommon trap: reason=class_check action=maybe_recompile pc=0x0000000002aa58cc method=java.util.regex.Matcher.match(II)Z @ 86
Event: 18.599 Thread 0x0000000001fae000 Uncommon trap: reason=class_check action=maybe_recompile pc=0x0000000002aa58cc method=java.util.regex.Matcher.match(II)Z @ 86
Event: 18.630 Thread 0x0000000001fae000 Uncommon trap: reason=unstable_if action=reinterpret pc=0x000000000232866c method=kotlin.collections.ArraysKt___ArraysKt.asSequence([Ljava/lang/Object;)Lkotlin/sequences/Sequence; @ 13
Event: 18.664 Thread 0x0000000001fae000 Uncommon trap: reason=unstable_if action=reinterpret pc=0x0000000003a70b40 method=org.jetbrains.org.objectweb.asm.ClassReader.accept(Lorg/jetbrains/org/objectweb/asm/ClassVisitor;[Lorg/jetbrains/org/objectweb/asm/Attribute;I)V @ 269
Event: 18.673 Thread 0x0000000001fae000 Uncommon trap: reason=predicate action=maybe_recompile pc=0x0000000003a97b18 method=org.jetbrains.org.objectweb.asm.ClassReader.readField(Lorg/jetbrains/org/objectweb/asm/ClassVisitor;Lorg/jetbrains/org/objectweb/asm/Context;I)I @ 434
Event: 18.761 Thread 0x0000000001fae000 Uncommon trap: reason=unstable_if action=reinterpret pc=0x000000000312d310 method=gnu.trove.THashMap.put(Ljava/lang/Object;Ljava/lang/Object;)Ljava/lang/Object; @ 26
Event: 18.774 Thread 0x0000000001fae000 Uncommon trap: reason=bimorphic action=maybe_recompile pc=0x0000000002990ec4 method=java.io.DataOutputStream.writeShort(I)V @ 12
Event: 18.990 Thread 0x0000000001fae000 Uncommon trap: reason=unstable_if action=reinterpret pc=0x00000000026e93dc method=java.util.LinkedHashMap.afterNodeInsertion(Z)V @ 18

Classes redefined (0 events):
No events

Internal exceptions (10 events):
Event: 14.769 Thread 0x0000000001fae000 Exception <a 'java/lang/IncompatibleClassChangeError': Found class java.lang.Object, but interface was expected> (0x00000000f8455bb0) thrown at [C:\src\AOSP-openjdk-git\hotspot\src\share\vm\interpreter\linkResolver.cpp, line 653]
Event: 15.775 Thread 0x0000000001fae000 Implicit null exception at 0x0000000003b710a8 to 0x0000000003b716a9
Event: 15.775 Thread 0x0000000001fae000 Implicit null exception at 0x0000000002cac49b to 0x0000000002cac889
Event: 15.778 Thread 0x0000000001fae000 Implicit null exception at 0x0000000003b2dfe0 to 0x0000000003b2e5c1
Event: 15.778 Thread 0x0000000001fae000 Implicit null exception at 0x0000000002dc1893 to 0x0000000002dc1a31
Event: 15.779 Thread 0x0000000001fae000 Implicit null exception at 0x0000000003b3a3e0 to 0x0000000003b3a905
Event: 16.125 Thread 0x0000000001fae000 Exception <a 'java/lang/NoSuchMethodError': java.lang.Object.lambda$static$0(Lorg/jetbrains/kotlin/descriptors/ValueParameterDescriptor;Lorg/jetbrains/kotlin/codegen/ExpressionCodegen;)Lorg/jetbrains/kotlin/codegen/StackValue;> (0x00000000fa08dc00) thrown
Event: 16.312 Thread 0x0000000001fae000 Implicit null exception at 0x0000000002a39a19 to 0x0000000002a39ce5
Event: 16.331 Thread 0x0000000001fae000 Implicit null exception at 0x00000000026f1a95 to 0x00000000026f1c91
Event: 17.644 Thread 0x0000000001fae000 Implicit null exception at 0x0000000002665b14 to 0x0000000002665d41

Events (10 events):
Event: 19.410 loading class org/jetbrains/org/objectweb/asm/SymbolTable$Entry
Event: 19.410 loading class org/jetbrains/org/objectweb/asm/SymbolTable$Entry done
Event: 19.411 loading class org/jetbrains/org/objectweb/asm/ByteVector
Event: 19.411 loading class org/jetbrains/org/objectweb/asm/ByteVector done
Event: 19.414 loading class org/jetbrains/org/objectweb/asm/MethodTooLargeException
Event: 19.414 loading class org/jetbrains/org/objectweb/asm/MethodTooLargeException done
Event: 19.416 loading class org/jetbrains/org/objectweb/asm/Frame
Event: 19.416 loading class org/jetbrains/org/objectweb/asm/Frame done
Event: 19.417 loading class org/jetbrains/org/objectweb/asm/CurrentFrame
Event: 19.417 loading class org/jetbrains/org/objectweb/asm/CurrentFrame done


Dynamic libraries:
0x00007ff659690000 - 0x00007ff6596c1000 	D:\Programm\Android\Android Studio\jre\jre\bin\java.exe
0x00007ffe9e6c0000 - 0x00007ffe9e86d000 	C:\Windows\SYSTEM32\ntdll.dll
0x00007ffe9dc90000 - 0x00007ffe9ddcf000 	C:\Windows\system32\KERNEL32.DLL
0x00007ffe7a380000 - 0x00007ffe7a396000 	C:\Program Files\Avast Software\Avast\aswhook.dll
0x00007ffe9bc30000 - 0x00007ffe9bd46000 	C:\Windows\system32\KERNELBASE.dll
0x00007ffe9e1b0000 - 0x00007ffe9e25a000 	C:\Windows\system32\ADVAPI32.dll
0x00007ffe9e260000 - 0x00007ffe9e3d7000 	C:\Windows\system32\USER32.dll
0x00007ffe98d80000 - 0x00007ffe98ffb000 	C:\Windows\WinSxS\amd64_microsoft.windows.common-controls_6595b64144ccf1df_6.0.9600.19394_none_62486577ecb635cf\COMCTL32.dll
0x00007ffe9d7f0000 - 0x00007ffe9d89a000 	C:\Windows\system32\msvcrt.dll
0x00007ffe9bf70000 - 0x00007ffe9bfc9000 	C:\Windows\SYSTEM32\sechost.dll
0x00007ffe9e3e0000 - 0x00007ffe9e520000 	C:\Windows\system32\RPCRT4.dll
0x00007ffe9dad0000 - 0x00007ffe9dc1c000 	C:\Windows\system32\GDI32.dll
0x00007ffe9b920000 - 0x00007ffe9b94e000 	C:\Windows\system32\SspiCli.dll
0x00007ffe9df30000 - 0x00007ffe9df66000 	C:\Windows\system32\IMM32.DLL
0x00007ffe9ddd0000 - 0x00007ffe9df22000 	C:\Windows\system32\MSCTF.dll
0x0000000058530000 - 0x0000000058602000 	D:\Programm\Android\Android Studio\jre\jre\bin\msvcr100.dll
0x00000000586f0000 - 0x0000000058f3b000 	D:\Programm\Android\Android Studio\jre\jre\bin\server\jvm.dll
0x00007ffe94d40000 - 0x00007ffe94d49000 	C:\Windows\SYSTEM32\WSOCK32.dll
0x00007ffe8cbe0000 - 0x00007ffe8cc02000 	C:\Windows\SYSTEM32\WINMM.dll
0x00007ffe993b0000 - 0x00007ffe993ba000 	C:\Windows\SYSTEM32\VERSION.dll
0x00007ffe9d9f0000 - 0x00007ffe9d9f7000 	C:\Windows\system32\PSAPI.DLL
0x00007ffe9df70000 - 0x00007ffe9dfca000 	C:\Windows\system32\WS2_32.dll
0x00007ffe8cbb0000 - 0x00007ffe8cbda000 	C:\Windows\SYSTEM32\WINMMBASE.dll
0x00007ffe9d9e0000 - 0x00007ffe9d9e9000 	C:\Windows\system32\NSI.dll
0x00007ffe9b950000 - 0x00007ffe9b99f000 	C:\Windows\SYSTEM32\cfgmgr32.dll
0x00007ffe9a610000 - 0x00007ffe9a638000 	C:\Windows\SYSTEM32\DEVOBJ.dll
0x00007ffe994f0000 - 0x00007ffe994ff000 	D:\Programm\Android\Android Studio\jre\jre\bin\verify.dll
0x00007ffe84cd0000 - 0x00007ffe84cf9000 	D:\Programm\Android\Android Studio\jre\jre\bin\java.dll
0x00007ffe8d130000 - 0x00007ffe8d146000 	D:\Programm\Android\Android Studio\jre\jre\bin\zip.dll
0x00007ffe9bfd0000 - 0x00007ffe9d4fb000 	C:\Windows\system32\SHELL32.dll
0x00007ffe9d5c0000 - 0x00007ffe9d7d0000 	C:\Windows\SYSTEM32\combase.dll
0x00007ffe9d960000 - 0x00007ffe9d9b4000 	C:\Windows\system32\SHLWAPI.dll
0x00007ffe99bd0000 - 0x00007ffe99c82000 	C:\Windows\SYSTEM32\SHCORE.dll
0x00007ffe9b7f0000 - 0x00007ffe9b805000 	C:\Windows\SYSTEM32\profapi.dll
0x00007ffe8cb60000 - 0x00007ffe8cb7a000 	D:\Programm\Android\Android Studio\jre\jre\bin\net.dll
0x00007ffe9b020000 - 0x00007ffe9b079000 	C:\Windows\system32\mswsock.dll
0x00007ffe8bd00000 - 0x00007ffe8bd13000 	D:\Programm\Android\Android Studio\jre\jre\bin\nio.dll

VM Arguments:
java_command: org.jetbrains.kotlin.cli.jvm.K2JVMCompiler @C:\Users\qwert\AndroidStudioProjects\EnglishQQ\app\build\20211203_8178536144847567466.compiler.options
java_class_path (initial): C:\Users\qwert\.gradle\caches\modules-2\files-2.1\org.jetbrains.kotlin\kotlin-compiler-embeddable\1.4.32\b4fc9be460ca88eecea2303e142ce2920bd14775\kotlin-compiler-embeddable-1.4.32.jar;C:\Users\qwert\.gradle\caches\modules-2\files-2.1\org.jetbrains.kotlin\kotlin-reflect\1.4.32\ce852b166d97f0f1991b5130c2bb02e2ef6c554e\kotlin-reflect-1.4.32.jar;C:\Users\qwert\.gradle\caches\modules-2\files-2.1\org.jetbrains.kotlin\kotlin-stdlib\1.4.32\461367948840adbb0839c51d91ed74ef4a9ccb52\kotlin-stdlib-1.4.32.jar;C:\Users\qwert\.gradle\caches\modules-2\files-2.1\org.jetbrains.kotlin\kotlin-script-runtime\1.4.32\bac50b0748be017dbc13fc1cb7231b1c9da0e106\kotlin-script-runtime-1.4.32.jar;C:\Users\qwert\.gradle\caches\modules-2\files-2.1\org.jetbrains.kotlin\kotlin-daemon-embeddable\1.4.32\b40c5de5adea26ebb4e5fc36945c482ac20acee2\kotlin-daemon-embeddable-1.4.32.jar;C:\Users\qwert\.gradle\caches\modules-2\files-2.1\org.jetbrains.intellij.deps\trove4j\1.0.20181211\216c2e14b070f334479d800987affe4054cd563f\trove4j-1.0.20181211.jar;C:\Users\qwert\.gradle\caches\modules-2\files-2.1\org.jetbrains.kotlin\kotlin-stdlib-common\1.4.32\ef50bfa2c0491a11dcc35d9822edbfd6170e1ea2\kotlin-stdlib-common-1.4.32.jar;C:\Users\qwert\.gradle\caches\modules-2\files-2.1\org.jetbrains\annotations\13.0\919f0dfe192fb4e063e7dacadee7f8bb9a2672a9\annotations-13.0.jar;D:\Programm\Android\Android Studio\jre\lib\tools.jar
Launcher Type: SUN_STANDARD

Environment Variables:
PATH=C:\Windows\system32;C:\Windows;C:\Windows\System32\Wbem;C:\Windows\System32\WindowsPowerShell\v1.0\;D:\Git\cmd;C:\Users\qwert\AppData\Local\Programs\Python\Python310\Scripts\;C:\Users\qwert\AppData\Local\Programs\Python\Python310\
USERNAME=qwert
OS=Windows_NT
PROCESSOR_IDENTIFIER=Intel64 Family 6 Model 58 Stepping 9, GenuineIntel



---------------  S Y S T E M  ---------------

OS: Windows 8.1 , 64 bit Build 9600 (6.3.9600.19538)

CPU:total 4 (initial active 4) (2 cores per cpu, 2 threads per core) family 6 model 58 stepping 9, cmov, cx8, fxsr, mmx, sse, sse2, sse3, ssse3, sse4.1, sse4.2, popcnt, avx, clmul, erms, ht, tsc, tscinvbit, tscinv

Memory: 4k page, physical 1911144k(101012k free), swap 7678312k(5536k free)

vm_info: OpenJDK 64-Bit Server VM (25.242-b01) for windows-amd64 JRE (1.8.0_242-release-1644-b01), built by "builder" with MS VC++ 10.0 (VS2010)

time: Fri Dec 03 03:45:30 2021
timezone: Западная Азия (зима)
elapsed time: 19 seconds (0d 0h 0m 19s)

