#
# There is insufficient memory for the Java Runtime Environment to continue.
# Native memory allocation (malloc) failed to allocate 1095056 bytes for Chunk::new
# Possible reasons:
#   The system is out of physical RAM or swap space
#   The process is running with CompressedOops enabled, and the Java Heap may be blocking the growth of the native heap
# Possible solutions:
#   Reduce memory load on the system
#   Increase physical memory or swap space
#   Check if swap backing store is full
#   Decrease Java heap size (-Xmx/-Xms)
#   Decrease number of Java threads
#   Decrease Java thread stack sizes (-Xss)
#   Set larger code cache with -XX:ReservedCodeCacheSize=
#   JVM is running with Unscaled Compressed Oops mode in which the Java heap is
#     placed in the first 4GB address space. The Java Heap base address is the
#     maximum limit for the native heap growth. Please use -XX:HeapBaseMinAddress
#     to set the Java Heap base and to place the Java Heap above 4GB virtual address.
# This output file may be truncated or incomplete.
#
#  Out of Memory Error (allocation.cpp:389), pid=8188, tid=0x0000000000001a28
#
# JRE version: OpenJDK Runtime Environment (8.0_242-b01) (build 1.8.0_242-release-1644-b01)
# Java VM: OpenJDK 64-Bit Server VM (25.242-b01 mixed mode windows-amd64 compressed oops)
# Failed to write core dump. Minidumps are not enabled by default on client versions of Windows
#

---------------  T H R E A D  ---------------

Current thread (0x00000000176d3000):  JavaThread "C2 CompilerThread0" daemon [_thread_in_native, id=6696, stack(0x0000000018d10000,0x0000000018e10000)]

Stack: [0x0000000018d10000,0x0000000018e10000]
[error occurred during error reporting (printing stack bounds), id 0xc0000005]

Native frames: (J=compiled Java code, j=interpreted, Vv=VM code, C=native code)


Current CompileTask:
C2:1568379 18789   !   4       java.io.ObjectOutputStream::writeObject0 (619 bytes)


---------------  P R O C E S S  ---------------

Java Threads: ( => current thread )
  0x000000001bbc1800 JavaThread "ForkJoinPool.commonPool-worker-0" daemon [_thread_blocked, id=7460, stack(0x0000000030ad0000,0x0000000030bd0000)]
  0x000000001bbbd800 JavaThread "WorkerExecutor Queue Thread 4" [_thread_blocked, id=6208, stack(0x0000000030ed0000,0x0000000030fd0000)]
  0x000000001bbc0800 JavaThread "WorkerExecutor Queue Thread 3" [_thread_blocked, id=184, stack(0x0000000030dd0000,0x0000000030ed0000)]
  0x000000001bbbf000 JavaThread "WorkerExecutor Queue Thread 2" [_thread_blocked, id=7836, stack(0x0000000030cd0000,0x0000000030dd0000)]
  0x000000001bbc0000 JavaThread "WorkerExecutor Queue" [_thread_blocked, id=4312, stack(0x0000000030bd0000,0x0000000030cd0000)]
  0x000000001bbba000 JavaThread "ForkJoinPool.commonPool-worker-2" daemon [_thread_blocked, id=7200, stack(0x00000000308d0000,0x00000000309d0000)]
  0x000000001bbbd000 JavaThread "ForkJoinPool.commonPool-worker-1" daemon [_thread_blocked, id=7948, stack(0x000000002f5c0000,0x000000002f6c0000)]
  0x000000001bbba800 JavaThread "RMI TCP Connection(19)-127.0.0.1" daemon [_thread_in_native, id=1444, stack(0x00000000309d0000,0x0000000030ad0000)]
  0x000000001bbbc000 JavaThread "RMI TCP Connection(idle)" daemon [_thread_blocked, id=6192, stack(0x00000000307d0000,0x00000000308d0000)]
  0x000000001bbbb800 JavaThread "RMI TCP Connection(idle)" daemon [_thread_blocked, id=5868, stack(0x00000000306d0000,0x00000000307d0000)]
  0x000000001bbb6000 JavaThread "RMI TCP Connection(18)-127.0.0.1" daemon [_thread_in_native, id=3832, stack(0x000000002f4c0000,0x000000002f5c0000)]
  0x000000001bbb9000 JavaThread "Cache worker for execution history cache (C:\Users\qwert\AndroidStudioProjects\EnglishQQ\.gradle\6.5\executionHistory)" [_thread_blocked, id=5604, stack(0x000000002f3c0000,0x000000002f4c0000)]
  0x000000002a036000 JavaThread "jar transforms Thread 363" [_thread_blocked, id=1372, stack(0x000000002edc0000,0x000000002eec0000)]
  0x000000002a035000 JavaThread "jar transforms Thread 362" [_thread_blocked, id=6324, stack(0x000000002ecc0000,0x000000002edc0000)]
  0x000000002a034800 JavaThread "jar transforms Thread 361" [_thread_blocked, id=5248, stack(0x000000002ebc0000,0x000000002ecc0000)]
  0x000000002a036800 JavaThread "jar transforms Thread 360" [_thread_blocked, id=6072, stack(0x000000002eac0000,0x000000002ebc0000)]
  0x000000002a032000 JavaThread "jar transforms Thread 359" [_thread_blocked, id=5800, stack(0x000000002e9c0000,0x000000002eac0000)]
  0x000000002a033800 JavaThread "jar transforms Thread 358" [_thread_blocked, id=3248, stack(0x000000002e7c0000,0x000000002e8c0000)]
  0x000000002a031800 JavaThread "jar transforms Thread 357" [_thread_blocked, id=2240, stack(0x000000002e6c0000,0x000000002e7c0000)]
  0x000000002a030800 JavaThread "jar transforms Thread 356" [_thread_blocked, id=4008, stack(0x000000002dfc0000,0x000000002e0c0000)]
  0x000000002a033000 JavaThread "jar transforms Thread 355" [_thread_blocked, id=6516, stack(0x000000002dcc0000,0x000000002ddc0000)]
  0x000000002a02d000 JavaThread "jar transforms Thread 354" [_thread_blocked, id=3748, stack(0x000000002d8c0000,0x000000002d9c0000)]
  0x000000002a030000 JavaThread "jar transforms Thread 353" [_thread_blocked, id=7764, stack(0x000000002cec0000,0x000000002cfc0000)]
  0x000000002a02e800 JavaThread "jar transforms Thread 352" [_thread_blocked, id=2920, stack(0x000000002cdc0000,0x000000002cec0000)]
  0x000000002a02f000 JavaThread "jar transforms Thread 351" [_thread_blocked, id=884, stack(0x000000002c7d0000,0x000000002c8d0000)]
  0x000000002a02b800 JavaThread "jar transforms Thread 350" [_thread_blocked, id=3276, stack(0x000000002c6d0000,0x000000002c7d0000)]
  0x000000002a02c000 JavaThread "jar transforms Thread 349" [_thread_blocked, id=6852, stack(0x000000002b360000,0x000000002b460000)]
  0x000000002a02d800 JavaThread "jar transforms Thread 348" [_thread_blocked, id=4388, stack(0x0000000029190000,0x0000000029290000)]
  0x000000002a027800 JavaThread "jar transforms Thread 347" [_thread_blocked, id=6556, stack(0x0000000028c20000,0x0000000028d20000)]
  0x000000002a029000 JavaThread "jar transforms Thread 346" [_thread_blocked, id=3960, stack(0x0000000028b20000,0x0000000028c20000)]
  0x000000002a028800 JavaThread "jar transforms Thread 345" [_thread_blocked, id=7804, stack(0x0000000028a20000,0x0000000028b20000)]
  0x000000002a02a800 JavaThread "jar transforms Thread 344" [_thread_blocked, id=3520, stack(0x0000000028920000,0x0000000028a20000)]
  0x000000002a02a000 JavaThread "jar transforms Thread 343" [_thread_blocked, id=5280, stack(0x0000000028820000,0x0000000028920000)]
  0x000000001db5d800 JavaThread "jar transforms Thread 342" [_thread_blocked, id=4404, stack(0x0000000028720000,0x0000000028820000)]
  0x000000001db5c000 JavaThread "jar transforms Thread 341" [_thread_blocked, id=4380, stack(0x0000000028620000,0x0000000028720000)]
  0x000000001db5d000 JavaThread "jar transforms Thread 340" [_thread_blocked, id=4564, stack(0x0000000028520000,0x0000000028620000)]
  0x000000001db58800 JavaThread "jar transforms Thread 339" [_thread_blocked, id=3804, stack(0x0000000028420000,0x0000000028520000)]
  0x000000001db5b800 JavaThread "jar transforms Thread 338" [_thread_blocked, id=7988, stack(0x0000000028320000,0x0000000028420000)]
  0x000000001db57800 JavaThread "jar transforms Thread 337" [_thread_blocked, id=1992, stack(0x0000000028220000,0x0000000028320000)]
  0x000000001db59000 JavaThread "jar transforms Thread 336" [_thread_blocked, id=868, stack(0x0000000028120000,0x0000000028220000)]
  0x000000001db5a800 JavaThread "jar transforms Thread 335" [_thread_blocked, id=2672, stack(0x0000000028020000,0x0000000028120000)]
  0x000000001db5a000 JavaThread "jar transforms Thread 334" [_thread_blocked, id=7492, stack(0x0000000027f20000,0x0000000028020000)]
  0x000000001db57000 JavaThread "jar transforms Thread 333" [_thread_blocked, id=7956, stack(0x0000000027e20000,0x0000000027f20000)]
  0x000000001db56000 JavaThread "jar transforms Thread 332" [_thread_blocked, id=1520, stack(0x0000000027d20000,0x0000000027e20000)]
  0x000000001db54000 JavaThread "jar transforms Thread 331" [_thread_blocked, id=4120, stack(0x0000000027c20000,0x0000000027d20000)]
  0x000000001db54800 JavaThread "jar transforms Thread 330" [_thread_blocked, id=2236, stack(0x0000000027b20000,0x0000000027c20000)]
  0x000000001db53000 JavaThread "jar transforms Thread 329" [_thread_blocked, id=5600, stack(0x0000000027a20000,0x0000000027b20000)]
  0x000000001db52800 JavaThread "jar transforms Thread 328" [_thread_blocked, id=4496, stack(0x0000000027920000,0x0000000027a20000)]
  0x000000001db55800 JavaThread "jar transforms Thread 327" [_thread_blocked, id=4772, stack(0x0000000027820000,0x0000000027920000)]
  0x000000001db4e800 JavaThread "jar transforms Thread 326" [_thread_blocked, id=3256, stack(0x0000000027720000,0x0000000027820000)]
  0x000000001db51000 JavaThread "jar transforms Thread 325" [_thread_blocked, id=2976, stack(0x0000000027620000,0x0000000027720000)]
  0x000000001db50000 JavaThread "jar transforms Thread 324" [_thread_blocked, id=1436, stack(0x0000000027520000,0x0000000027620000)]
  0x000000001db4f800 JavaThread "jar transforms Thread 323" [_thread_blocked, id=3492, stack(0x0000000027420000,0x0000000027520000)]
  0x000000001db51800 JavaThread "jar transforms Thread 322" [_thread_blocked, id=3824, stack(0x0000000027320000,0x0000000027420000)]
  0x000000001b5b5000 JavaThread "jar transforms Thread 321" [_thread_blocked, id=5296, stack(0x0000000027220000,0x0000000027320000)]
  0x000000001b5b0800 JavaThread "jar transforms Thread 320" [_thread_blocked, id=2720, stack(0x0000000027120000,0x0000000027220000)]
  0x000000001b5b2000 JavaThread "jar transforms Thread 319" [_thread_blocked, id=1368, stack(0x0000000027020000,0x0000000027120000)]
  0x000000001b5b3800 JavaThread "jar transforms Thread 318" [_thread_blocked, id=1696, stack(0x0000000026f20000,0x0000000027020000)]
  0x000000001b5b1800 JavaThread "jar transforms Thread 317" [_thread_blocked, id=3620, stack(0x0000000026e20000,0x0000000026f20000)]
  0x000000001d9ec000 JavaThread "jar transforms Thread 316" [_thread_blocked, id=3440, stack(0x0000000026d20000,0x0000000026e20000)]
  0x000000001d9e9800 JavaThread "jar transforms Thread 315" [_thread_blocked, id=2136, stack(0x0000000026c20000,0x0000000026d20000)]
  0x000000001d9eb000 JavaThread "jar transforms Thread 314" [_thread_blocked, id=5664, stack(0x0000000026b20000,0x0000000026c20000)]
  0x000000001d9e7800 JavaThread "jar transforms Thread 313" [_thread_blocked, id=7244, stack(0x0000000026a20000,0x0000000026b20000)]
  0x000000001d9e4000 JavaThread "jar transforms Thread 312" [_thread_blocked, id=6988, stack(0x0000000026920000,0x0000000026a20000)]
  0x000000001d9e3800 JavaThread "jar transforms Thread 311" [_thread_blocked, id=8060, stack(0x0000000026820000,0x0000000026920000)]
  0x000000001d9e5800 JavaThread "jar transforms Thread 310" [_thread_blocked, id=1020, stack(0x0000000026720000,0x0000000026820000)]
  0x000000001a29b800 JavaThread "jar transforms Thread 309" [_thread_blocked, id=784, stack(0x0000000026620000,0x0000000026720000)]
  0x000000001a298000 JavaThread "jar transforms Thread 308" [_thread_blocked, id=7464, stack(0x0000000026520000,0x0000000026620000)]
  0x000000001a298800 JavaThread "jar transforms Thread 307" [_thread_blocked, id=6392, stack(0x0000000026420000,0x0000000026520000)]
  0x000000001a29b000 JavaThread "jar transforms Thread 306" [_thread_blocked, id=5272, stack(0x0000000026320000,0x0000000026420000)]
  0x000000001a29a000 JavaThread "jar transforms Thread 305" [_thread_blocked, id=440, stack(0x0000000026220000,0x0000000026320000)]
  0x000000001a294000 JavaThread "jar transforms Thread 304" [_thread_blocked, id=6692, stack(0x0000000026120000,0x0000000026220000)]
  0x000000001a297000 JavaThread "jar transforms Thread 303" [_thread_blocked, id=7648, stack(0x0000000026020000,0x0000000026120000)]
  0x000000001a293800 JavaThread "jar transforms Thread 302" [_thread_blocked, id=1656, stack(0x0000000025f20000,0x0000000026020000)]
  0x000000001a295000 JavaThread "jar transforms Thread 301" [_thread_blocked, id=5788, stack(0x0000000025e20000,0x0000000025f20000)]
  0x000000001a292800 JavaThread "jar transforms Thread 300" [_thread_blocked, id=5412, stack(0x0000000025d20000,0x0000000025e20000)]
  0x000000001a295800 JavaThread "jar transforms Thread 299" [_thread_blocked, id=5952, stack(0x0000000025c20000,0x0000000025d20000)]
  0x000000001d6e3800 JavaThread "jar transforms Thread 298" [_thread_blocked, id=4468, stack(0x0000000025b20000,0x0000000025c20000)]
  0x000000001d6e3000 JavaThread "jar transforms Thread 297" [_thread_blocked, id=5452, stack(0x0000000025a20000,0x0000000025b20000)]
  0x000000001d6e6000 JavaThread "jar transforms Thread 296" [_thread_blocked, id=7932, stack(0x0000000025920000,0x0000000025a20000)]
  0x000000001d6df000 JavaThread "jar transforms Thread 295" [_thread_blocked, id=7108, stack(0x0000000025820000,0x0000000025920000)]
  0x000000001d6e1800 JavaThread "jar transforms Thread 294" [_thread_blocked, id=7112, stack(0x0000000025720000,0x0000000025820000)]
  0x000000001d6e0000 JavaThread "jar transforms Thread 293" [_thread_blocked, id=5360, stack(0x0000000025620000,0x0000000025720000)]
  0x000000001d6dc000 JavaThread "jar transforms Thread 292" [_thread_blocked, id=4708, stack(0x0000000025520000,0x0000000025620000)]
  0x000000001d6de800 JavaThread "jar transforms Thread 291" [_thread_blocked, id=5612, stack(0x0000000025420000,0x0000000025520000)]
  0x000000001d6da800 JavaThread "jar transforms Thread 290" [_thread_blocked, id=5628, stack(0x0000000025320000,0x0000000025420000)]
  0x000000001d6db800 JavaThread "jar transforms Thread 289" [_thread_blocked, id=6580, stack(0x0000000025220000,0x0000000025320000)]
  0x000000001d6da000 JavaThread "jar transforms Thread 288" [_thread_blocked, id=6308, stack(0x0000000025120000,0x0000000025220000)]
  0x000000001d6d8800 JavaThread "jar transforms Thread 287" [_thread_blocked, id=6256, stack(0x0000000025020000,0x0000000025120000)]
  0x000000001d6d9000 JavaThread "jar transforms Thread 286" [_thread_blocked, id=5020, stack(0x0000000024f20000,0x0000000025020000)]
  0x000000001a7a0000 JavaThread "jar transforms Thread 285" [_thread_blocked, id=3104, stack(0x0000000024e20000,0x0000000024f20000)]
  0x000000001a7a1800 JavaThread "jar transforms Thread 284" [_thread_blocked, id=3052, stack(0x0000000024d20000,0x0000000024e20000)]
  0x000000001a7a3000 JavaThread "jar transforms Thread 283" [_thread_blocked, id=4036, stack(0x0000000024c20000,0x0000000024d20000)]
  0x000000001a7a0800 JavaThread "jar transforms Thread 282" [_thread_blocked, id=1252, stack(0x0000000024b20000,0x0000000024c20000)]
  0x000000001a7a2000 JavaThread "jar transforms Thread 281" [_thread_blocked, id=8144, stack(0x0000000024a20000,0x0000000024b20000)]
  0x000000001a79c000 JavaThread "jar transforms Thread 280" [_thread_blocked, id=4780, stack(0x0000000024920000,0x0000000024a20000)]
  0x000000001a79e800 JavaThread "jar transforms Thread 279" [_thread_blocked, id=5156, stack(0x0000000024820000,0x0000000024920000)]
  0x000000001a79f000 JavaThread "jar transforms Thread 278" [_thread_blocked, id=4440, stack(0x0000000024720000,0x0000000024820000)]
  0x000000001a79a800 JavaThread "jar transforms Thread 277" [_thread_blocked, id=6508, stack(0x0000000024620000,0x0000000024720000)]
  0x000000001a79d800 JavaThread "jar transforms Thread 276" [_thread_blocked, id=4576, stack(0x0000000024520000,0x0000000024620000)]
  0x000000001a79b800 JavaThread "jar transforms Thread 275" [_thread_blocked, id=2024, stack(0x0000000024420000,0x0000000024520000)]
  0x000000001a79a000 JavaThread "jar transforms Thread 274" [_thread_blocked, id=3140, stack(0x0000000024320000,0x0000000024420000)]
  0x000000001a79d000 JavaThread "jar transforms Thread 273" [_thread_blocked, id=908, stack(0x0000000024220000,0x0000000024320000)]
  0x000000001a799000 JavaThread "jar transforms Thread 272" [_thread_blocked, id=5256, stack(0x0000000024120000,0x0000000024220000)]
  0x000000001a795800 JavaThread "jar transforms Thread 271" [_thread_blocked, id=6760, stack(0x0000000024020000,0x0000000024120000)]
  0x000000001a798800 JavaThread "jar transforms Thread 270" [_thread_blocked, id=4396, stack(0x0000000023f20000,0x0000000024020000)]
  0x000000001a797800 JavaThread "jar transforms Thread 269" [_thread_blocked, id=7260, stack(0x0000000023e20000,0x0000000023f20000)]
  0x000000001a796000 JavaThread "jar transforms Thread 268" [_thread_blocked, id=4684, stack(0x0000000023d20000,0x0000000023e20000)]
  0x000000001a794800 JavaThread "jar transforms Thread 267" [_thread_blocked, id=1100, stack(0x0000000023c20000,0x0000000023d20000)]
  0x000000001a797000 JavaThread "jar transforms Thread 266" [_thread_blocked, id=2208, stack(0x0000000023b20000,0x0000000023c20000)]
  0x000000001df36000 JavaThread "jar transforms Thread 265" [_thread_blocked, id=2108, stack(0x0000000023a20000,0x0000000023b20000)]
  0x000000001df37800 JavaThread "jar transforms Thread 264" [_thread_blocked, id=3392, stack(0x0000000023920000,0x0000000023a20000)]
  0x000000001df37000 JavaThread "jar transforms Thread 263" [_thread_blocked, id=7600, stack(0x0000000023820000,0x0000000023920000)]
  0x000000001df39000 JavaThread "jar transforms Thread 262" [_thread_blocked, id=5184, stack(0x0000000023720000,0x0000000023820000)]
  0x000000001df38800 JavaThread "jar transforms Thread 261" [_thread_blocked, id=6452, stack(0x0000000023620000,0x0000000023720000)]
  0x000000001df34000 JavaThread "jar transforms Thread 260" [_thread_blocked, id=6172, stack(0x0000000023520000,0x0000000023620000)]
  0x000000001df35800 JavaThread "jar transforms Thread 259" [_thread_blocked, id=3820, stack(0x0000000023420000,0x0000000023520000)]
  0x000000001df34800 JavaThread "jar transforms Thread 258" [_thread_blocked, id=7712, stack(0x0000000023320000,0x0000000023420000)]
  0x000000001df30000 JavaThread "jar transforms Thread 257" [_thread_blocked, id=180, stack(0x0000000023220000,0x0000000023320000)]
  0x000000001df31800 JavaThread "jar transforms Thread 256" [_thread_blocked, id=7236, stack(0x0000000023120000,0x0000000023220000)]
  0x000000001df33000 JavaThread "jar transforms Thread 255" [_thread_blocked, id=7132, stack(0x0000000023020000,0x0000000023120000)]
  0x000000001df32800 JavaThread "jar transforms Thread 254" [_thread_blocked, id=6260, stack(0x0000000022f20000,0x0000000023020000)]
  0x000000001df31000 JavaThread "jar transforms Thread 253" [_thread_blocked, id=5420, stack(0x0000000022e20000,0x0000000022f20000)]
  0x000000001df2c800 JavaThread "jar transforms Thread 252" [_thread_blocked, id=7136, stack(0x0000000022d20000,0x0000000022e20000)]
  0x000000001df2f800 JavaThread "jar transforms Thread 251" [_thread_blocked, id=6880, stack(0x00000000229f0000,0x0000000022af0000)]
  0x000000001df2b800 JavaThread "jar transforms Thread 250" [_thread_blocked, id=7344, stack(0x00000000226f0000,0x00000000227f0000)]
  0x000000001df2d000 JavaThread "jar transforms Thread 249" [_thread_blocked, id=3284, stack(0x0000000022190000,0x0000000022290000)]
  0x000000001df2e800 JavaThread "jar transforms Thread 248" [_thread_blocked, id=4868, stack(0x0000000021890000,0x0000000021990000)]
  0x000000001df2e000 JavaThread "jar transforms Thread 247" [_thread_blocked, id=3984, stack(0x0000000021790000,0x0000000021890000)]
  0x000000001df27800 JavaThread "jar transforms Thread 246" [_thread_blocked, id=6184, stack(0x0000000021690000,0x0000000021790000)]
  0x000000001df2b000 JavaThread "jar transforms Thread 245" [_thread_blocked, id=7664, stack(0x0000000021590000,0x0000000021690000)]
  0x000000001df2a000 JavaThread "jar transforms Thread 244" [_thread_blocked, id=7832, stack(0x0000000021490000,0x0000000021590000)]
  0x000000001df29000 JavaThread "jar transforms Thread 243" [_thread_blocked, id=768, stack(0x0000000021390000,0x0000000021490000)]
  0x000000001df25800 JavaThread "Build operations Thread 4" [_thread_blocked, id=3944, stack(0x0000000020fb0000,0x00000000210b0000)]
  0x000000001df26000 JavaThread "Build operations Thread 3" [_thread_blocked, id=6124, stack(0x0000000020eb0000,0x0000000020fb0000)]
  0x000000001df28800 JavaThread "Build operations Thread 2" [_thread_blocked, id=4332, stack(0x000000001f8e0000,0x000000001f9e0000)]
  0x000000001df1b000 JavaThread "Build operations" [_thread_blocked, id=5720, stack(0x000000001f0e0000,0x000000001f1e0000)]
  0x000000001df27000 JavaThread "Cache worker for cache directory md-rule (C:\Users\qwert\.gradle\caches\6.5\md-rule)" [_thread_blocked, id=7592, stack(0x000000001efe0000,0x000000001f0e0000)]
  0x000000001df24800 JavaThread "Cache worker for checksums cache (C:\Users\qwert\AndroidStudioProjects\EnglishQQ\.gradle\checksums)" [_thread_blocked, id=6440, stack(0x000000001ebe0000,0x000000001ece0000)]
  0x000000001df23000 JavaThread "Cache worker for file hash cache (C:\Users\qwert\AndroidStudioProjects\EnglishQQ\.gradle\6.5\fileHashes)" [_thread_blocked, id=7612, stack(0x000000001d080000,0x000000001d180000)]
  0x000000001df22800 JavaThread "Thread-310" [_thread_blocked, id=7232, stack(0x000000001cf80000,0x000000001d080000)]
  0x000000001df24000 JavaThread "Stdin handler" [_thread_blocked, id=5680, stack(0x000000001ce80000,0x000000001cf80000)]
  0x000000001df1e800 JavaThread "Asynchronous log dispatcher for DefaultDaemonConnection: socket connection from /127.0.0.1:12751 to /127.0.0.1:14154" [_thread_blocked, id=3092, stack(0x000000001cd80000,0x000000001ce80000)]
  0x000000001df21000 JavaThread "Daemon worker Thread 3" [_thread_in_native, id=5576, stack(0x000000001cc80000,0x000000001cd80000)]
  0x000000001df1c800 JavaThread "Cancel handler" [_thread_blocked, id=7560, stack(0x000000001c980000,0x000000001ca80000)]
  0x000000001df1b800 JavaThread "Handler for socket connection from /127.0.0.1:12751 to /127.0.0.1:14154" [_thread_in_native, id=4528, stack(0x000000001c880000,0x000000001c980000)]
  0x000000001df1d000 JavaThread "Daemon Thread 3" [_thread_blocked, id=4668, stack(0x000000001c390000,0x000000001c490000)]
  0x000000001a296800 JavaThread "Cache worker for Java compile cache (C:\Users\qwert\.gradle\caches\6.5\javaCompile)" [_thread_blocked, id=3728, stack(0x000000001c490000,0x000000001c590000)]
  0x000000001d9de000 JavaThread "RMI Reaper" [_thread_blocked, id=4184, stack(0x000000002dbc0000,0x000000002dcc0000)]
  0x000000001d9dd800 JavaThread "RMI TCP Accept-0" daemon [_thread_in_native, id=7920, stack(0x000000002dac0000,0x000000002dbc0000)]
  0x000000001d9df800 JavaThread "GC Daemon" daemon [_thread_blocked, id=4212, stack(0x000000002d9c0000,0x000000002dac0000)]
  0x000000001d9e0800 JavaThread "RMI Scheduler(0)" daemon [_thread_blocked, id=2764, stack(0x000000002d7c0000,0x000000002d8c0000)]
  0x000000001d6e0800 JavaThread "Memory manager" [_thread_blocked, id=6020, stack(0x000000002b260000,0x000000002b360000)]
  0x000000001b5b6000 JavaThread "Cache worker for file content cache (C:\Users\qwert\.gradle\caches\6.5\fileContent)" [_thread_blocked, id=4232, stack(0x000000001f9e0000,0x000000001fae0000)]
  0x000000001b5b4800 JavaThread "Cache worker for execution history cache (C:\Users\qwert\.gradle\caches\6.5\executionHistory)" [_thread_blocked, id=5404, stack(0x000000001f1e0000,0x000000001f2e0000)]
  0x000000001b5b0000 JavaThread "Cache worker for file hash cache (C:\Users\qwert\.gradle\caches\6.5\fileHashes)" [_thread_blocked, id=6284, stack(0x000000001eae0000,0x000000001ebe0000)]
  0x000000001b5af000 JavaThread "File lock request listener" [_thread_in_native, id=240, stack(0x000000001d580000,0x000000001d680000)]
  0x000000001b2d7800 JavaThread "Cache worker for journal cache (C:\Users\qwert\.gradle\caches\journal-1)" [_thread_blocked, id=5276, stack(0x000000001d380000,0x000000001d480000)]
  0x000000001b1f3800 JavaThread "Daemon periodic checks" [_thread_blocked, id=5124, stack(0x000000001c780000,0x000000001c880000)]
  0x000000001b1f2000 JavaThread "Incoming local TCP Connector on port 12751" [_thread_in_native, id=5468, stack(0x000000001c590000,0x000000001c690000)]
  0x000000001af8c000 JavaThread "Daemon health stats" [_thread_blocked, id=5536, stack(0x000000001bfb0000,0x000000001c0b0000)]
  0x0000000019040800 JavaThread "Service Thread" daemon [_thread_blocked, id=5732, stack(0x0000000019410000,0x0000000019510000)]
  0x00000000176e4000 JavaThread "C1 CompilerThread2" daemon [_thread_blocked, id=508, stack(0x0000000018f10000,0x0000000019010000)]
  0x00000000176dd000 JavaThread "C2 CompilerThread1" daemon [_thread_blocked, id=6400, stack(0x0000000018e10000,0x0000000018f10000)]
=>0x00000000176d3000 JavaThread "C2 CompilerThread0" daemon [_thread_in_native, id=6696, stack(0x0000000018d10000,0x0000000018e10000)]
  0x00000000176d0800 JavaThread "Attach Listener" daemon [_thread_blocked, id=5380, stack(0x0000000018c10000,0x0000000018d10000)]
  0x00000000176d6800 JavaThread "Signal Dispatcher" daemon [_thread_blocked, id=7024, stack(0x0000000018b10000,0x0000000018c10000)]
  0x0000000002aa9800 JavaThread "Finalizer" daemon [_thread_blocked, id=1604, stack(0x0000000018930000,0x0000000018a30000)]
  0x0000000002aa1000 JavaThread "Reference Handler" daemon [_thread_blocked, id=3668, stack(0x0000000018830000,0x0000000018930000)]
  0x000000000299d800 JavaThread "main" [_thread_blocked, id=3380, stack(0x0000000002880000,0x0000000002980000)]

Other Threads:
  0x0000000017696000 VMThread [stack: 0x0000000018730000,0x0000000018830000] [id=1824]
  0x0000000017713000 WatcherThread [stack: 0x0000000019510000,0x0000000019610000] [id=5484]

VM state:not at safepoint (normal execution)

VM Mutex/Monitor currently owned by a thread: None

OutOfMemory and StackOverflow Exception counts:
OutOfMemoryError java_heap_errors=3

heap address: 0x0000000080000000, size: 2048 MB, Compressed Oops mode: 32-bit
Narrow klass base: 0x0000000000000000, Narrow klass shift: 3
Compressed class space size: 1073741824 Address: 0x0000000100000000

Heap:
 PSYoungGen      total 413696K, used 161741K [0x00000000d5580000, 0x00000000f4c00000, 0x0000000100000000)
  eden space 379904K, 35% used [0x00000000d5580000,0x00000000dd9320a8,0x00000000ec880000)
  from space 33792K, 79% used [0x00000000ec880000,0x00000000ee2c1438,0x00000000ee980000)
  to   space 36352K, 0% used [0x00000000f2880000,0x00000000f2880000,0x00000000f4c00000)
 ParOldGen       total 148480K, used 96350K [0x0000000080000000, 0x0000000089100000, 0x00000000d5580000)
  object space 148480K, 64% used [0x0000000080000000,0x0000000085e17a90,0x0000000089100000)
 Metaspace       used 100789K, capacity 105996K, committed 106280K, reserved 1140736K
  class space    used 13074K, capacity 14051K, committed 14128K, reserved 1048576K

Card table byte_map: [0x0000000011e70000,0x0000000012280000] byte_map_base: 0x0000000011a70000

Marking Bits: (ParMarkBitMap*) 0x000000006f1bf030
 Begin Bits: [0x0000000012930000, 0x0000000014930000)
 End Bits:   [0x0000000014930000, 0x0000000016930000)

Polling page: 0x00000000010b0000

CodeCache: size=245760Kb used=54695Kb max_used=54847Kb free=191064Kb
 bounds [0x0000000002ab0000, 0x0000000006090000, 0x0000000011ab0000]
 total_blobs=16147 nmethods=15238 adapters=819
 compilation: enabled

Compilation events (10 events):
Event: 1567.965 Thread 0x00000000176e4000 nmethod 18805 0x00000000038145d0 code [0x00000000038147c0, 0x0000000003815018]
Event: 1567.966 Thread 0x00000000176e4000 18806   !   3       org.gradle.internal.serialize.ExceptionReplacingObjectOutputStream$1::transform (15 bytes)
Event: 1567.967 Thread 0x00000000176e4000 nmethod 18806 0x0000000003a62c90 code [0x0000000003a62e60, 0x0000000003a63698]
Event: 1567.984 Thread 0x00000000176e4000 18807   !   3       com.google.common.cache.LocalCache$Segment::clear (261 bytes)
Event: 1567.988 Thread 0x00000000176dd000 nmethod 18801 0x0000000003e8e7d0 code [0x0000000003e8e9a0, 0x0000000003e8faa8]
Event: 1567.988 Thread 0x00000000176dd000 18804       4       java.io.ObjectOutputStream::writeHandle (21 bytes)
Event: 1567.989 Thread 0x00000000176e4000 nmethod 18807 0x0000000005812ad0 code [0x0000000005812f00, 0x00000000058158a8]
Event: 1567.992 Thread 0x00000000176dd000 nmethod 18804 0x0000000003f0e0d0 code [0x0000000003f0e220, 0x0000000003f0e3e8]
Event: 1567.992 Thread 0x00000000176dd000 18802       4       java.util.Collections$SingletonList::get (41 bytes)
Event: 1567.993 Thread 0x00000000176dd000 nmethod 18802 0x0000000004295cd0 code [0x0000000004295e00, 0x0000000004295e78]

GC Heap History (10 events):
Event: 1396.293 GC heap before
{Heap before GC invocations=24 (full 4):
 PSYoungGen      total 323584K, used 323554K [0x00000000d5580000, 0x00000000eeb00000, 0x0000000100000000)
  eden space 290816K, 100% used [0x00000000d5580000,0x00000000e7180000,0x00000000e7180000)
  from space 32768K, 99% used [0x00000000e7180000,0x00000000e9178858,0x00000000e9180000)
  to   space 39424K, 0% used [0x00000000ec480000,0x00000000ec480000,0x00000000eeb00000)
 ParOldGen       total 97280K, used 71387K [0x0000000080000000, 0x0000000085f00000, 0x00000000d5580000)
  object space 97280K, 73% used [0x0000000080000000,0x00000000845b6fa8,0x0000000085f00000)
 Metaspace       used 99012K, capacity 104008K, committed 104104K, reserved 1138688K
  class space    used 13031K, capacity 13985K, committed 14000K, reserved 1048576K
Event: 1398.863 GC heap after
Heap after GC invocations=24 (full 4):
 PSYoungGen      total 358400K, used 17460K [0x00000000d5580000, 0x00000000ee100000, 0x0000000100000000)
  eden space 329216K, 0% used [0x00000000d5580000,0x00000000d5580000,0x00000000e9700000)
  from space 29184K, 59% used [0x00000000ec480000,0x00000000ed58d3d8,0x00000000ee100000)
  to   space 37888K, 0% used [0x00000000e9700000,0x00000000e9700000,0x00000000ebc00000)
 ParOldGen       total 102400K, used 102077K [0x0000000080000000, 0x0000000086400000, 0x00000000d5580000)
  object space 102400K, 99% used [0x0000000080000000,0x00000000863af660,0x0000000086400000)
 Metaspace       used 99012K, capacity 104008K, committed 104104K, reserved 1138688K
  class space    used 13031K, capacity 13985K, committed 14000K, reserved 1048576K
}
Event: 1398.864 GC heap before
{Heap before GC invocations=25 (full 5):
 PSYoungGen      total 358400K, used 17460K [0x00000000d5580000, 0x00000000ee100000, 0x0000000100000000)
  eden space 329216K, 0% used [0x00000000d5580000,0x00000000d5580000,0x00000000e9700000)
  from space 29184K, 59% used [0x00000000ec480000,0x00000000ed58d3d8,0x00000000ee100000)
  to   space 37888K, 0% used [0x00000000e9700000,0x00000000e9700000,0x00000000ebc00000)
 ParOldGen       total 102400K, used 102077K [0x0000000080000000, 0x0000000086400000, 0x00000000d5580000)
  object space 102400K, 99% used [0x0000000080000000,0x00000000863af660,0x0000000086400000)
 Metaspace       used 99012K, capacity 104008K, committed 104104K, reserved 1138688K
  class space    used 13031K, capacity 13985K, committed 14000K, reserved 1048576K
Event: 1403.174 GC heap after
Heap after GC invocations=25 (full 5):
 PSYoungGen      total 358400K, used 0K [0x00000000d5580000, 0x00000000ee100000, 0x0000000100000000)
  eden space 329216K, 0% used [0x00000000d5580000,0x00000000d5580000,0x00000000e9700000)
  from space 29184K, 0% used [0x00000000ec480000,0x00000000ec480000,0x00000000ee100000)
  to   space 37888K, 0% used [0x00000000e9700000,0x00000000e9700000,0x00000000ebc00000)
 ParOldGen       total 148480K, used 96326K [0x0000000080000000, 0x0000000089100000, 0x00000000d5580000)
  object space 148480K, 64% used [0x0000000080000000,0x0000000085e11a90,0x0000000089100000)
 Metaspace       used 98714K, capacity 103270K, committed 104104K, reserved 1138688K
  class space    used 12932K, capacity 13811K, committed 14000K, reserved 1048576K
}
Event: 1428.600 GC heap before
{Heap before GC invocations=26 (full 5):
 PSYoungGen      total 358400K, used 329216K [0x00000000d5580000, 0x00000000ee100000, 0x0000000100000000)
  eden space 329216K, 100% used [0x00000000d5580000,0x00000000e9700000,0x00000000e9700000)
  from space 29184K, 0% used [0x00000000ec480000,0x00000000ec480000,0x00000000ee100000)
  to   space 37888K, 0% used [0x00000000e9700000,0x00000000e9700000,0x00000000ebc00000)
 ParOldGen       total 148480K, used 96326K [0x0000000080000000, 0x0000000089100000, 0x00000000d5580000)
  object space 148480K, 64% used [0x0000000080000000,0x0000000085e11a90,0x0000000089100000)
 Metaspace       used 99106K, capacity 103618K, committed 104360K, reserved 1140736K
  class space    used 12941K, capacity 13826K, committed 14000K, reserved 1048576K
Event: 1429.704 GC heap after
Heap after GC invocations=26 (full 5):
 PSYoungGen      total 367104K, used 14748K [0x00000000d5580000, 0x00000000f1400000, 0x0000000100000000)
  eden space 329216K, 0% used [0x00000000d5580000,0x00000000d5580000,0x00000000e9700000)
  from space 37888K, 38% used [0x00000000e9700000,0x00000000ea567228,0x00000000ebc00000)
  to   space 35840K, 0% used [0x00000000ef100000,0x00000000ef100000,0x00000000f1400000)
 ParOldGen       total 148480K, used 96334K [0x0000000080000000, 0x0000000089100000, 0x00000000d5580000)
  object space 148480K, 64% used [0x0000000080000000,0x0000000085e13a90,0x0000000089100000)
 Metaspace       used 99106K, capacity 103618K, committed 104360K, reserved 1140736K
  class space    used 12941K, capacity 13826K, committed 14000K, reserved 1048576K
}
Event: 1530.014 GC heap before
{Heap before GC invocations=27 (full 5):
 PSYoungGen      total 367104K, used 343964K [0x00000000d5580000, 0x00000000f1400000, 0x0000000100000000)
  eden space 329216K, 100% used [0x00000000d5580000,0x00000000e9700000,0x00000000e9700000)
  from space 37888K, 38% used [0x00000000e9700000,0x00000000ea567228,0x00000000ebc00000)
  to   space 35840K, 0% used [0x00000000ef100000,0x00000000ef100000,0x00000000f1400000)
 ParOldGen       total 148480K, used 96334K [0x0000000080000000, 0x0000000089100000, 0x00000000d5580000)
  object space 148480K, 64% used [0x0000000080000000,0x0000000085e13a90,0x0000000089100000)
 Metaspace       used 99759K, capacity 104408K, committed 105128K, reserved 1140736K
  class space    used 12958K, capacity 13841K, committed 14000K, reserved 1048576K
Event: 1530.886 GC heap after
Heap after GC invocations=27 (full 5):
 PSYoungGen      total 406016K, used 14847K [0x00000000d5580000, 0x00000000f0a80000, 0x0000000100000000)
  eden space 379904K, 0% used [0x00000000d5580000,0x00000000d5580000,0x00000000ec880000)
  from space 26112K, 56% used [0x00000000ef100000,0x00000000eff7fe98,0x00000000f0a80000)
  to   space 33792K, 0% used [0x00000000ec880000,0x00000000ec880000,0x00000000ee980000)
 ParOldGen       total 148480K, used 96342K [0x0000000080000000, 0x0000000089100000, 0x00000000d5580000)
  object space 148480K, 64% used [0x0000000080000000,0x0000000085e15a90,0x0000000089100000)
 Metaspace       used 99759K, capacity 104408K, committed 105128K, reserved 1140736K
  class space    used 12958K, capacity 13841K, committed 14000K, reserved 1048576K
}
Event: 1562.658 GC heap before
{Heap before GC invocations=28 (full 5):
 PSYoungGen      total 406016K, used 394751K [0x00000000d5580000, 0x00000000f0a80000, 0x0000000100000000)
  eden space 379904K, 100% used [0x00000000d5580000,0x00000000ec880000,0x00000000ec880000)
  from space 26112K, 56% used [0x00000000ef100000,0x00000000eff7fe98,0x00000000f0a80000)
  to   space 33792K, 0% used [0x00000000ec880000,0x00000000ec880000,0x00000000ee980000)
 ParOldGen       total 148480K, used 96342K [0x0000000080000000, 0x0000000089100000, 0x00000000d5580000)
  object space 148480K, 64% used [0x0000000080000000,0x0000000085e15a90,0x0000000089100000)
 Metaspace       used 100416K, capacity 105534K, committed 105640K, reserved 1140736K
  class space    used 13035K, capacity 13982K, committed 14000K, reserved 1048576K
Event: 1563.667 GC heap after
Heap after GC invocations=28 (full 5):
 PSYoungGen      total 413696K, used 26885K [0x00000000d5580000, 0x00000000f4c00000, 0x0000000100000000)
  eden space 379904K, 0% used [0x00000000d5580000,0x00000000d5580000,0x00000000ec880000)
  from space 33792K, 79% used [0x00000000ec880000,0x00000000ee2c1438,0x00000000ee980000)
  to   space 36352K, 0% used [0x00000000f2880000,0x00000000f2880000,0x00000000f4c00000)
 ParOldGen       total 148480K, used 96350K [0x0000000080000000, 0x0000000089100000, 0x00000000d5580000)
  object space 148480K, 64% used [0x0000000080000000,0x0000000085e17a90,0x0000000089100000)
 Metaspace       used 100416K, capacity 105534K, committed 105640K, reserved 1140736K
  class space    used 13035K, capacity 13982K, committed 14000K, reserved 1048576K
}

Deoptimization events (10 events):
Event: 1567.835 Thread 0x000000001df21000 Uncommon trap: reason=class_check action=maybe_recompile pc=0x00000000059b6430 method=java.io.ObjectOutputStream.writeNonProxyDesc(Ljava/io/ObjectStreamClass;Z)V @ 44
Event: 1567.836 Thread 0x000000001df21000 Uncommon trap: reason=unstable_if action=reinterpret pc=0x0000000005848404 method=org.gradle.internal.io.StreamByteBuffer$StreamByteBufferOutputStream.write([BII)V @ 49
Event: 1567.841 Thread 0x000000001df21000 Uncommon trap: reason=class_check action=maybe_recompile pc=0x0000000005a64180 method=java.io.ObjectOutputStream.writeObject0(Ljava/lang/Object;Z)V @ 240
Event: 1567.844 Thread 0x000000001df21000 Uncommon trap: reason=class_check action=maybe_recompile pc=0x0000000005a64180 method=java.io.ObjectOutputStream.writeObject0(Ljava/lang/Object;Z)V @ 240
Event: 1567.846 Thread 0x000000001df21000 Uncommon trap: reason=class_check action=maybe_recompile pc=0x0000000002c20e60 method=java.lang.String.equals(Ljava/lang/Object;)Z @ 8
Event: 1567.846 Thread 0x000000001df21000 Uncommon trap: reason=class_check action=maybe_recompile pc=0x0000000002c20e60 method=java.lang.String.equals(Ljava/lang/Object;)Z @ 8
Event: 1567.846 Thread 0x000000001df21000 Uncommon trap: reason=class_check action=maybe_recompile pc=0x0000000002c20e60 method=java.lang.String.equals(Ljava/lang/Object;)Z @ 8
Event: 1567.846 Thread 0x000000001df21000 Uncommon trap: reason=class_check action=maybe_recompile pc=0x0000000002c20e60 method=java.lang.String.equals(Ljava/lang/Object;)Z @ 8
Event: 1567.933 Thread 0x000000001df21000 Uncommon trap: reason=bimorphic action=maybe_recompile pc=0x0000000003810778 method=com.google.common.cache.LocalCache$Segment.get(Ljava/lang/Object;I)Ljava/lang/Object; @ 44
Event: 1567.963 Thread 0x000000001df21000 Uncommon trap: reason=unstable_if action=reinterpret pc=0x00000000036c49c4 method=java.io.ObjectOutputStream$BlockDataOutputStream.write([BIIZ)V @ 49

Classes redefined (0 events):
No events

Internal exceptions (10 events):
Event: 1564.941 Thread 0x000000001bbbf000 Exception <a 'sun/nio/fs/WindowsException'> (0x00000000d86e6a28) thrown at [C:\src\AOSP-openjdk-git\hotspot\src\share\vm\prims\jni.cpp, line 710]
Event: 1564.951 Thread 0x000000001bbbf000 Exception <a 'sun/nio/fs/WindowsException'> (0x00000000d86f07d8) thrown at [C:\src\AOSP-openjdk-git\hotspot\src\share\vm\prims\jni.cpp, line 710]
Event: 1564.961 Thread 0x000000001bbbf000 Exception <a 'sun/nio/fs/WindowsException'> (0x00000000d87b7f10) thrown at [C:\src\AOSP-openjdk-git\hotspot\src\share\vm\prims\jni.cpp, line 710]
Event: 1565.477 Thread 0x000000001bbc0800 Exception <a 'sun/nio/fs/WindowsException'> (0x00000000d98c68e8) thrown at [C:\src\AOSP-openjdk-git\hotspot\src\share\vm\prims\jni.cpp, line 710]
Event: 1566.684 Thread 0x000000001bbc5000 Exception <a 'sun/nio/fs/WindowsException'> (0x00000000dcd9ab18) thrown at [C:\src\AOSP-openjdk-git\hotspot\src\share\vm\prims\jni.cpp, line 710]
Event: 1567.034 Thread 0x000000001bbba000 Exception <a 'java/lang/OutOfMemoryError'> (0x00000000d7fe5a38) thrown at [C:\src\AOSP-openjdk-git\hotspot\src\share\vm\prims\unsafe.cpp, line 618]
Event: 1567.035 Thread 0x000000001bbc1800 Exception <a 'java/lang/OutOfMemoryError'> (0x00000000dd3c4ca0) thrown at [C:\src\AOSP-openjdk-git\hotspot\src\share\vm\prims\unsafe.cpp, line 618]
Event: 1567.035 Thread 0x000000001bbbd000 Exception <a 'java/lang/OutOfMemoryError'> (0x00000000d7fc2050) thrown at [C:\src\AOSP-openjdk-git\hotspot\src\share\vm\prims\unsafe.cpp, line 618]
Event: 1567.407 Thread 0x000000001df22800 Exception <a 'java/lang/NoSuchMethodError': <clinit>> (0x00000000dd6c6ed8) thrown at [C:\src\AOSP-openjdk-git\hotspot\src\share\vm\prims\jni.cpp, line 1615]
Event: 1567.410 Thread 0x000000001df22800 Exception <a 'java/lang/NoSuchMethodError': <clinit>> (0x00000000dd6d0288) thrown at [C:\src\AOSP-openjdk-git\hotspot\src\share\vm\prims\jni.cpp, line 1615]

Events (10 events):
Event: 1568.022 Executing VM operation: RevokeBias
Event: 1568.022 Executing VM operation: RevokeBias done
Event: 1568.025 Thread 0x000000001bbb7800 Thread exited: 0x000000001bbb7800
Event: 1568.030 Executing VM operation: RevokeBias
Event: 1568.030 Executing VM operation: RevokeBias done
Event: 1568.031 Executing VM operation: RevokeBias
Event: 1568.031 Executing VM operation: RevokeBias done
Event: 1568.032 Thread 0x000000001bbb7000 Thread exited: 0x000000001bbb7000
Event: 1568.033 Executing VM operation: RevokeBias
Event: 1568.035 Executing VM operation: RevokeBias done


Dynamic libraries:
0x00007ff6ef480000 - 0x00007ff6ef4b1000 	D:\Programm\Android\Android Studio\jre\bin\java.exe
0x00007ffa9ee60000 - 0x00007ffa9f00d000 	C:\Windows\SYSTEM32\ntdll.dll
0x00007ffa9d380000 - 0x00007ffa9d4bf000 	C:\Windows\system32\KERNEL32.DLL
0x00007ffa8a720000 - 0x00007ffa8a736000 	C:\Program Files\Avast Software\Avast\aswhook.dll
0x00007ffa9c170000 - 0x00007ffa9c286000 	C:\Windows\system32\KERNELBASE.dll
0x00007ffa9ed50000 - 0x00007ffa9edfa000 	C:\Windows\system32\ADVAPI32.dll
0x00007ffa9ea10000 - 0x00007ffa9eb87000 	C:\Windows\system32\USER32.dll
0x00007ffa995e0000 - 0x00007ffa9985b000 	C:\Windows\WinSxS\amd64_microsoft.windows.common-controls_6595b64144ccf1df_6.0.9600.19394_none_62486577ecb635cf\COMCTL32.dll
0x00007ffa9cdc0000 - 0x00007ffa9ce6a000 	C:\Windows\system32\msvcrt.dll
0x00007ffa9d140000 - 0x00007ffa9d199000 	C:\Windows\SYSTEM32\sechost.dll
0x00007ffa9d240000 - 0x00007ffa9d380000 	C:\Windows\system32\RPCRT4.dll
0x00007ffa9cba0000 - 0x00007ffa9ccec000 	C:\Windows\system32\GDI32.dll
0x00007ffa9c4c0000 - 0x00007ffa9c4ee000 	C:\Windows\system32\SspiCli.dll
0x00007ffa9d200000 - 0x00007ffa9d236000 	C:\Windows\system32\IMM32.DLL
0x00007ffa9c650000 - 0x00007ffa9c7a2000 	C:\Windows\system32\MSCTF.dll
0x000000006e830000 - 0x000000006e902000 	D:\Programm\Android\Android Studio\jre\jre\bin\msvcr100.dll
0x000000006e9f0000 - 0x000000006f23b000 	D:\Programm\Android\Android Studio\jre\jre\bin\server\jvm.dll
0x00007ffa96010000 - 0x00007ffa96019000 	C:\Windows\SYSTEM32\WSOCK32.dll
0x00007ffa87640000 - 0x00007ffa87662000 	C:\Windows\SYSTEM32\WINMM.dll
0x00007ffa99860000 - 0x00007ffa9986a000 	C:\Windows\SYSTEM32\VERSION.dll
0x00007ffa9c5d0000 - 0x00007ffa9c5d7000 	C:\Windows\system32\PSAPI.DLL
0x00007ffa9ee00000 - 0x00007ffa9ee5a000 	C:\Windows\system32\WS2_32.dll
0x00007ffa87570000 - 0x00007ffa8759a000 	C:\Windows\SYSTEM32\WINMMBASE.dll
0x00007ffa9c950000 - 0x00007ffa9c959000 	C:\Windows\system32\NSI.dll
0x00007ffa9c290000 - 0x00007ffa9c2df000 	C:\Windows\SYSTEM32\cfgmgr32.dll
0x00007ffa9add0000 - 0x00007ffa9adf8000 	C:\Windows\SYSTEM32\DEVOBJ.dll
0x00007ffa99fa0000 - 0x00007ffa99faf000 	D:\Programm\Android\Android Studio\jre\jre\bin\verify.dll
0x00007ffa98080000 - 0x00007ffa980a9000 	D:\Programm\Android\Android Studio\jre\jre\bin\java.dll
0x00007ffa97f90000 - 0x00007ffa97fa6000 	D:\Programm\Android\Android Studio\jre\jre\bin\zip.dll
0x00007ffa9d4e0000 - 0x00007ffa9ea0b000 	C:\Windows\system32\SHELL32.dll
0x00007ffa9cf30000 - 0x00007ffa9d140000 	C:\Windows\SYSTEM32\combase.dll
0x00007ffa9d1a0000 - 0x00007ffa9d1f4000 	C:\Windows\system32\SHLWAPI.dll
0x00007ffa9a370000 - 0x00007ffa9a422000 	C:\Windows\SYSTEM32\SHCORE.dll
0x00007ffa9bf90000 - 0x00007ffa9bfa5000 	C:\Windows\SYSTEM32\profapi.dll
0x00007ffa97f60000 - 0x00007ffa97f7a000 	D:\Programm\Android\Android Studio\jre\jre\bin\net.dll
0x00007ffa9b7c0000 - 0x00007ffa9b819000 	C:\Windows\system32\mswsock.dll
0x00007ffa905e0000 - 0x00007ffa905f3000 	D:\Programm\Android\Android Studio\jre\jre\bin\nio.dll
0x00007ffa92490000 - 0x00007ffa924b7000 	C:\Users\qwert\.gradle\native\f6784746aeab05261644944871eae4fe03e0ef1612fff0a4a95f87b438bc6780\windows-amd64\native-platform.dll
0x00007ffa91010000 - 0x00007ffa9101d000 	D:\Programm\Android\Android Studio\jre\jre\bin\management.dll
0x00007ffa9b820000 - 0x00007ffa9b840000 	C:\Windows\SYSTEM32\CRYPTSP.dll
0x00007ffa9b440000 - 0x00007ffa9b476000 	C:\Windows\system32\rsaenh.dll
0x00007ffa9ba70000 - 0x00007ffa9ba96000 	C:\Windows\SYSTEM32\bcrypt.dll
0x00007ffa9b550000 - 0x00007ffa9b571000 	C:\Windows\SYSTEM32\USERENV.dll
0x00007ffa9bd90000 - 0x00007ffa9bdf3000 	C:\Windows\system32\bcryptprimitives.dll
0x00007ffa9be00000 - 0x00007ffa9be0b000 	C:\Windows\SYSTEM32\CRYPTBASE.dll
0x00007ffa96910000 - 0x00007ffa9693a000 	C:\Windows\SYSTEM32\IPHLPAPI.DLL
0x00007ffa97060000 - 0x00007ffa9706a000 	C:\Windows\SYSTEM32\WINNSI.DLL
0x00007ffa96450000 - 0x00007ffa96466000 	C:\Windows\SYSTEM32\dhcpcsvc6.DLL
0x00007ffa96680000 - 0x00007ffa9669a000 	C:\Windows\SYSTEM32\dhcpcsvc.DLL
0x00007ffa9a0b0000 - 0x00007ffa9a0ce000 	C:\Users\qwert\AppData\Local\Temp\native-platform1217353940665817471dir\native-platform.dll

VM Arguments:
jvm_args: -Xmx2048m -Dfile.encoding=UTF-8 -Duser.country=RU -Duser.language=ru -Duser.variant 
java_command: org.gradle.launcher.daemon.bootstrap.GradleDaemon 6.5
java_class_path (initial): C:\Users\qwert\.gradle\wrapper\dists\gradle-6.5-bin\6nifqtx7604sqp1q6g8wikw7p\gradle-6.5\lib\gradle-launcher-6.5.jar
Launcher Type: SUN_STANDARD

Environment Variables:
PATH=C:\Windows\system32;C:\Windows;C:\Windows\System32\Wbem;C:\Windows\System32\WindowsPowerShell\v1.0\;D:\Git\cmd;C:\Users\qwert\AppData\Local\Programs\Python\Python310\Scripts\;C:\Users\qwert\AppData\Local\Programs\Python\Python310\
USERNAME=qwert
OS=Windows_NT
PROCESSOR_IDENTIFIER=Intel64 Family 6 Model 58 Stepping 9, GenuineIntel



---------------  S Y S T E M  ---------------

OS: Windows 8.1 , 64 bit Build 9600 (6.3.9600.19538)

CPU:total 4 (initial active 4) (2 cores per cpu, 2 threads per core) family 6 model 58 stepping 9, cmov, cx8, fxsr, mmx, sse, sse2, sse3, ssse3, sse4.1, sse4.2, popcnt, avx, clmul, erms, ht, tsc, tscinvbit, tscinv

Memory: 4k page, physical 1911144k(12560k free), swap 7678312k(5488k free)

vm_info: OpenJDK 64-Bit Server VM (25.242-b01) for windows-amd64 JRE (1.8.0_242-release-1644-b01), built by "builder" with MS VC++ 10.0 (VS2010)

time: Thu Nov 25 20:26:14 2021
timezone: Западная Азия (зима)
elapsed time: 1568 seconds (0d 0h 26m 8s)

